#
# A fatal error has been detected by the Java Runtime Environment:
#
#  EXCEPTION_ACCESS_VIOLATION (0xc0000005) at pc=0x00007ffe06113c64, pid=5636, tid=19792
#
# JRE version: OpenJDK Runtime Environment Temurin-21.0.1+12 (21.0.1+12) (build 21.0.1+12-LTS)
# Java VM: OpenJDK 64-Bit Server VM Temurin-21.0.1+12 (21.0.1+12-LTS, mixed mode, emulated-client, sharing, tiered, compressed oops, compressed class ptrs, g1 gc, windows-amd64)
# Problematic frame:
# V  [jvm.dll+0x363c64]
#
# No core dump will be written. Minidumps are not enabled by default on client versions of Windows
#
# If you would like to submit a bug report, please visit:
#   https://github.com/adoptium/adoptium-support/issues
#

---------------  S U M M A R Y ------------

Command Line: -XX:+ShowCodeDetailsInExceptionMessages -agentlib:jdwp=transport=dt_socket,suspend=y,address=localhost:50726 -Dcom.sun.management.jmxremote -Dcom.sun.management.jmxremote.port=50724 -Dcom.sun.management.jmxremote.authenticate=false -Dcom.sun.management.jmxremote.ssl=false -Djava.rmi.server.hostname=localhost -Dspring.jmx.enabled=true -Dmanagement.endpoints.jmx.exposure.include=* -Dspring.application.admin.enabled=true -XX:TieredStopAtLevel=1 -Dspring.boot.project.name=enkai -javaagent:C:\pleiades\2023-12\eclipse\configuration\org.eclipse.osgi\249\0\.cp\lib\javaagent-shaded.jar -Dfile.encoding=UTF-8 -Dstdout.encoding=UTF-8 -Dstderr.encoding=UTF-8 com.example.demo.EnkaiApplication --spring.output.ansi.enabled=always

Host: Intel(R) Core(TM) i5-7300U CPU @ 2.60GHz, 4 cores, 7G,  Windows 10 , 64 bit Build 19041 (10.0.19041.3636)
Time: Tue Mar  5 23:50:52 2024  Windows 10 , 64 bit Build 19041 (10.0.19041.3636) elapsed time: 208652.035455 seconds (2d 9h 57m 32s)

---------------  T H R E A D  ---------------

Current thread (0x0000028a3fae70e0):  WorkerThread "GC Thread#0"    [id=19792, stack(0x000000fd50900000,0x000000fd50a00000) (1024K)]

Stack: [0x000000fd50900000,0x000000fd50a00000],  sp=0x000000fd509fe0b0,  free space=1016k
Native frames: (J=compiled Java code, j=interpreted, Vv=VM code, C=native code)
V  [jvm.dll+0x363c64]
V  [jvm.dll+0x3141db]
V  [jvm.dll+0x313c2d]
V  [jvm.dll+0x3eb785]
V  [jvm.dll+0x84b2a6]
V  [jvm.dll+0x854d11]
V  [jvm.dll+0x36438a]
V  [jvm.dll+0x36421a]
V  [jvm.dll+0x36bae4]
V  [jvm.dll+0x36bc5b]
V  [jvm.dll+0x8cf277]
V  [jvm.dll+0x84af3b]
V  [jvm.dll+0x6c5ebd]
C  [ucrtbase.dll+0x21bb2]
C  [KERNEL32.DLL+0x17344]
C  [ntdll.dll+0x526b1]

JavaThread 0x0000028a9961e410 (nid = 18196) was being processed
Java frames: (J=compiled Java code, j=interpreted, Vv=VM code)
j  java.lang.invoke.DirectMethodHandle$Holder.newInvokeSpecial(Ljava/lang/Object;)Ljava/lang/Object;+15 java.base@21.0.1
J 931 c1 jdk.internal.reflect.DirectConstructorHandleAccessor.newInstance([Ljava/lang/Object;)Ljava/lang/Object; java.base@21.0.1 (130 bytes) @ 0x0000028a49dbe734 [0x0000028a49dbe560+0x00000000000001d4]
J 902 c1 java.lang.reflect.Constructor.newInstanceWithCaller([Ljava/lang/Object;ZLjava/lang/Class;)Ljava/lang/Object; java.base@21.0.1 (51 bytes) @ 0x0000028a49db3f3c [0x0000028a49db3e60+0x00000000000000dc]
J 25479 c1 org.springframework.beans.BeanUtils.instantiateClass(Ljava/lang/reflect/Constructor;[Ljava/lang/Object;)Ljava/lang/Object; (208 bytes) @ 0x0000028a4a5f4fbc [0x0000028a4a5f4a00+0x00000000000005bc]
J 29780 c1 org.springframework.beans.factory.support.SimpleInstantiationStrategy.instantiate(Lorg/springframework/beans/factory/support/RootBeanDefinition;Ljava/lang/String;Lorg/springframework/beans/factory/BeanFactory;)Ljava/lang/Object; (123 bytes) @ 0x0000028a4aca98cc [0x0000028a4aca9420+0x00000000000004ac]
J 29740 c1 org.springframework.beans.factory.support.AbstractAutowireCapableBeanFactory.instantiateBean(Ljava/lang/String;Lorg/springframework/beans/factory/support/RootBeanDefinition;)Lorg/springframework/beans/BeanWrapper; (51 bytes) @ 0x0000028a4ab5946c [0x0000028a4ab593c0+0x00000000000000ac]
J 28965 c1 org.springframework.beans.factory.support.AbstractAutowireCapableBeanFactory.createBeanInstance(Ljava/lang/String;Lorg/springframework/beans/factory/support/RootBeanDefinition;[Ljava/lang/Object;)Lorg/springframework/beans/BeanWrapper; (241 bytes) @ 0x0000028a4ae9c964 [0x0000028a4ae9c340+0x0000000000000624]
J 28964 c1 org.springframework.beans.factory.support.AbstractAutowireCapableBeanFactory.doCreateBean(Ljava/lang/String;Lorg/springframework/beans/factory/support/RootBeanDefinition;[Ljava/lang/Object;)Ljava/lang/Object; (469 bytes) @ 0x0000028a4ae99154 [0x0000028a4ae98fa0+0x00000000000001b4]
J 28962 c1 org.springframework.beans.factory.support.AbstractAutowireCapableBeanFactory.createBean(Ljava/lang/String;Lorg/springframework/beans/factory/support/RootBeanDefinition;[Ljava/lang/Object;)Ljava/lang/Object; (214 bytes) @ 0x0000028a4ac258b4 [0x0000028a4ac253c0+0x00000000000004f4]
J 28973 c1 org.springframework.beans.factory.support.AbstractBeanFactory$$Lambda+0x0000028a532ff130.getObject()Ljava/lang/Object; (20 bytes) @ 0x0000028a4ae9692c [0x0000028a4ae968a0+0x000000000000008c]
J 28963 c1 org.springframework.beans.factory.support.DefaultSingletonBeanRegistry.getSingleton(Ljava/lang/String;Lorg/springframework/beans/factory/ObjectFactory;)Ljava/lang/Object; (279 bytes) @ 0x0000028a4ac23a2c [0x0000028a4ac236e0+0x000000000000034c]
J 25299 c1 org.springframework.beans.factory.support.AbstractBeanFactory.doGetBean(Ljava/lang/String;Ljava/lang/Class;[Ljava/lang/Object;Z)Ljava/lang/Object; (740 bytes) @ 0x0000028a4af6d574 [0x0000028a4af6cf20+0x0000000000000654]
J 29017 c1 org.springframework.beans.factory.support.AbstractBeanFactory.getBean(Ljava/lang/String;)Ljava/lang/Object; (9 bytes) @ 0x0000028a4ae60bb4 [0x0000028a4ae60b40+0x0000000000000074]
j  org.springframework.beans.factory.support.DefaultListableBeanFactory.preInstantiateSingletons()V+152
j  org.springframework.context.support.AbstractApplicationContext.finishBeanFactoryInitialization(Lorg/springframework/beans/factory/config/ConfigurableListableBeanFactory;)V+130
j  org.springframework.context.support.AbstractApplicationContext.refresh()V+94
j  org.springframework.boot.web.servlet.context.ServletWebServerApplicationContext.refresh()V+1
j  org.springframework.boot.SpringApplication.refresh(Lorg/springframework/context/ConfigurableApplicationContext;)V+1
j  org.springframework.boot.SpringApplication.refreshContext(Lorg/springframework/context/ConfigurableApplicationContext;)V+16
j  org.springframework.boot.SpringApplication.run([Ljava/lang/String;)Lorg/springframework/context/ConfigurableApplicationContext;+110
j  org.springframework.boot.SpringApplication.run([Ljava/lang/Class;[Ljava/lang/String;)Lorg/springframework/context/ConfigurableApplicationContext;+9
j  org.springframework.boot.SpringApplication.run(Ljava/lang/Class;[Ljava/lang/String;)Lorg/springframework/context/ConfigurableApplicationContext;+9
j  com.example.demo.EnkaiApplication.main([Ljava/lang/String;)V+3
j  java.lang.invoke.LambdaForm$DMH+0x0000028a53004c00.invokeStatic(Ljava/lang/Object;Ljava/lang/Object;)V+10 java.base@21.0.1
j  java.lang.invoke.LambdaForm$MH+0x0000028a53508c00.invoke(Ljava/lang/Object;Ljava/lang/Object;Ljava/lang/Object;)Ljava/lang/Object;+33 java.base@21.0.1
J 4677 c1 jdk.internal.reflect.DirectMethodHandleAccessor.invoke(Ljava/lang/Object;[Ljava/lang/Object;)Ljava/lang/Object; java.base@21.0.1 (92 bytes) @ 0x0000028a4a51e89c [0x0000028a4a51e540+0x000000000000035c]
J 26471 c1 java.lang.reflect.Method.invoke(Ljava/lang/Object;[Ljava/lang/Object;)Ljava/lang/Object; java.base@21.0.1 (108 bytes) @ 0x0000028a4a2c77fc [0x0000028a4a2c7600+0x00000000000001fc]
j  org.springframework.boot.devtools.restart.RestartLauncher.run()V+47
v  ~StubRoutines::call_stub 0x0000028a49aa100d

siginfo: EXCEPTION_ACCESS_VIOLATION (0xc0000005), reading address 0x0000028a3fe60786


Registers:
RAX=0x00000000000fd52b, RBX=0x0000028a9f8f6e48, RCX=0x0000000000000014, RDX=0x0000028a3fc65d30
RSP=0x000000fd509fe0b0, RBP=0x000000fd509fe1e0, RSI=0x000000fd509fe3b0, RDI=0x000000fd52bfdd80
R8 =0x000000fd52bfdd80, R9 =0x0000028a3fc24230, R10=0x0000028a49aa0000, R11=0x000000fd509fe258
R12=0x0000028a52544010, R13=0x0000028a3fc23b70, R14=0x0000028a3fc12950, R15=0x0000000000000000
RIP=0x00007ffe06113c64, EFLAGS=0x0000000000010207


Register to memory mapping:

RAX=0x00000000000fd52b is an unknown value
RBX=0x0000028a9f8f6e48 points into unknown readable memory: 0x00007ffe067d3480 | 80 34 7d 06 fe 7f 00 00
RCX=0x0000000000000014 is an unknown value
RDX=0x0000028a3fc65d30 points into unknown readable memory: 0x0000000000000000 | 00 00 00 00 00 00 00 00
RSP=0x000000fd509fe0b0 points into unknown readable memory: 0x000000fd509fe170 | 70 e1 9f 50 fd 00 00 00
RBP=0x000000fd509fe1e0 points into unknown readable memory: 0x000000fd509fe3b0 | b0 e3 9f 50 fd 00 00 00
RSI=0x000000fd509fe3b0 points into unknown readable memory: 0x000000fd52bfdd78 | 78 dd bf 52 fd 00 00 00
RDI=0x000000fd52bfdd80 is pointing into the stack for thread: 0x0000028a9961e410
R8 =0x000000fd52bfdd80 is pointing into the stack for thread: 0x0000028a9961e410
R9 =0x0000028a3fc24230 points into unknown readable memory: 0x00007ffe067ca528 | 28 a5 7c 06 fe 7f 00 00
R10=0x0000028a49aa0000 points into unknown readable memory: 0x0000000000000006 | 06 00 00 00 00 00 00 00
R11=0x000000fd509fe258 points into unknown readable memory: 0x00007ffe060c3c2d | 2d 3c 0c 06 fe 7f 00 00
R12=0x0000028a52544010 is pointing into metadata
R13=0x0000028a3fc23b70 points into unknown readable memory: 0x0000000000000000 | 00 00 00 00 00 00 00 00
R14=0x0000028a3fc12950 points into unknown readable memory: 0x0000000000000002 | 02 00 00 00 00 00 00 00
R15=0x0 is null

Top of Stack: (sp=0x000000fd509fe0b0)
0x000000fd509fe0b0:   000000fd509fe170 000000fd509fe3b0
0x000000fd509fe0c0:   0000028a52480090 0000000000000000
0x000000fd509fe0d0:   0000028a9f8f6e48 00007ffe060c41db
0x000000fd509fe0e0:   0000000000000001 0000028a520b6328
0x000000fd509fe0f0:   0000028a9f8f6e48 000000fd509fe3b0
0x000000fd509fe100:   0000000f4a3ac601 0000028a520b6328
0x000000fd509fe110:   0000028a3fae70e0 0000028a00000003
0x000000fd509fe120:   00000000000003d8 0000028a3fc23b80
0x000000fd509fe130:   0000028a3fc23f58 0000028a5272c7bf
0x000000fd509fe140:   0000028a000000b8 0000028a520b6328
0x000000fd509fe150:   00007ffe067c8ee0 000000fd509fe3b0
0x000000fd509fe160:   0000028a9f8f6e48 0000000300000003
0x000000fd509fe170:   0000028a52544010 0000001300000001
0x000000fd509fe180:   0000000000000032 000000010000000c
0x000000fd509fe190:   0000028a52480090 0000000000000000
0x000000fd509fe1a0:   0000028a9f00eac4 0000761500000006
0x000000fd509fe1b0:   0000000500000003 0000ffff0968e200
0x000000fd509fe1c0:   00007ffe06603c20 0000028a9f8f6e48
0x000000fd509fe1d0:   00000000000003d8 0000028a3fc23f58
0x000000fd509fe1e0:   000000fd509fe3b0 0000028a9f8f6ef0
0x000000fd509fe1f0:   0000028a9f8f6e48 00007ffe06113cee
0x000000fd509fe200:   0000761576734559 000000fd509fe3b0
0x000000fd509fe210:   0000761576734499 00007ffe060d4897
0x000000fd509fe220:   0000028a9f8f6e48 00000000000003d8
0x000000fd509fe230:   0000028a3fc23f58 000000fd509fe3b0
0x000000fd509fe240:   0000028a9f8f6ef0 00007ffe06603c20
0x000000fd509fe250:   0000028a9f8f6e48 00007ffe060c3c2d
0x000000fd509fe260:   0000000000000000 0000028a9f8f6ef0
0x000000fd509fe270:   0000000000000000 00007ffe0619d6b6
0x000000fd509fe280:   000000fd509fe2e0 0000012109c60000
0x000000fd509fe290:   000000fd518feb20 000000fd518feb30
0x000000fd509fe2a0:   0000028a9961e410 00007ffe06549571 

Instructions: (pc=0x00007ffe06113c64)
0x00007ffe06113b64:   00 00 48 d3 e8 0f b7 14 42 0f b7 c2 66 c1 e8 08
0x00007ffe06113b74:   84 c0 78 3a 4c 8b 07 41 0f b6 c0 24 03 3c 03 75
0x00007ffe06113b84:   06 49 83 e0 fc eb 12 48 8b 4b 10 4d 8b c8 4c 8b
0x00007ffe06113b94:   c7 e8 96 1a ff ff 4c 8b c0 4c 2b 05 fc 93 8b 00
0x00007ffe06113ba4:   8b 0d fe 93 8b 00 49 d3 e8 44 89 06 eb 5a 3c fd
0x00007ffe06113bb4:   75 37 41 8b 88 18 02 00 00 48 8b d7 49 8b 80 10
0x00007ffe06113bc4:   02 00 00 48 d3 e0 8b 0d 40 66 92 00 48 2b d0 49
0x00007ffe06113bd4:   8b 80 90 05 00 00 48 d3 ea 8b ca 80 7c 48 01 fd
0x00007ffe06113be4:   75 17 c6 44 48 01 ff eb 10 3c fc 75 0c 48 8b 4b
0x00007ffe06113bf4:   10 48 8b d6 e8 f3 f2 ff ff 8b 53 18 4c 8b c7 48
0x00007ffe06113c04:   8b 4b 28 e8 54 59 fb ff 48 8b 4b 10 e8 cb f3 fe
0x00007ffe06113c14:   ff 48 8b 7c 24 30 48 8b 5c 24 38 48 83 c4 20 5e
0x00007ffe06113c24:   c3 cc cc cc cc cc cc cc cc cc cc cc 48 89 5c 24
0x00007ffe06113c34:   08 57 48 83 ec 20 4c 8b 02 48 8b fa 48 8b d9 4d
0x00007ffe06113c44:   85 c0 0f 84 a2 00 00 00 4c 8b 49 08 49 8b c0 41
0x00007ffe06113c54:   8b 89 b0 05 00 00 49 8b 91 a0 05 00 00 48 d3 e8
0x00007ffe06113c64:   0f b7 14 42 0f b7 c2 66 c1 e8 08 84 c0 78 29 49
0x00007ffe06113c74:   8b 08 0f b6 c1 24 03 3c 03 75 09 48 83 e1 fc 48
0x00007ffe06113c84:   89 0f eb 5d 4c 8b c9 48 8b 4b 10 e8 9c 19 ff ff
0x00007ffe06113c94:   48 8b c8 48 89 07 eb 49 3c fd 75 35 41 8b 89 18
0x00007ffe06113ca4:   02 00 00 49 8b 81 10 02 00 00 48 d3 e0 8b 0d 59
0x00007ffe06113cb4:   65 92 00 4c 2b c0 49 8b 81 90 05 00 00 49 d3 e8
0x00007ffe06113cc4:   41 8b c8 80 7c 48 01 fd 75 17 c6 44 48 01 ff eb
0x00007ffe06113cd4:   10 3c fc 75 0c 48 8b 4b 10 48 8b d7 e8 ab f1 ff
0x00007ffe06113ce4:   ff 48 8b 4b 10 e8 f2 f2 fe ff 48 8b 5c 24 30 48
0x00007ffe06113cf4:   83 c4 20 5f c3 cc cc cc cc cc cc cc 48 89 5c 24
0x00007ffe06113d04:   08 57 48 83 ec 20 8b 02 48 8b fa 48 8b d9 85 c0
0x00007ffe06113d14:   0f 84 c6 00 00 00 8b 0d 88 92 8b 00 44 8b d0 4c
0x00007ffe06113d24:   8b 43 08 49 d3 e2 4c 03 15 6f 92 8b 00 49 8b c2
0x00007ffe06113d34:   41 8b 88 b0 05 00 00 49 8b 90 a0 05 00 00 48 d3
0x00007ffe06113d44:   e8 0f b7 14 42 0f b7 c2 66 c1 e8 08 84 c0 78 3a
0x00007ffe06113d54:   4d 8b 02 41 0f b6 c0 24 03 3c 03 75 06 49 83 e0 


Stack slot to memory mapping:

stack at sp + 0 slots: 0x000000fd509fe170 points into unknown readable memory: 0x0000028a52544010 | 10 40 54 52 8a 02 00 00
stack at sp + 1 slots: 0x000000fd509fe3b0 points into unknown readable memory: 0x000000fd52bfdd78 | 78 dd bf 52 fd 00 00 00
stack at sp + 2 slots: 0x0000028a52480090 is pointing into metadata
stack at sp + 3 slots: 0x0 is null
stack at sp + 4 slots: 0x0000028a9f8f6e48 points into unknown readable memory: 0x00007ffe067d3480 | 80 34 7d 06 fe 7f 00 00
stack at sp + 5 slots: 0x00007ffe060c41db jvm.dll
stack at sp + 6 slots: 0x0000000000000001 is an unknown value
stack at sp + 7 slots: {method} {0x0000028a520b6330} 'newInvokeSpecial' '(Ljava/lang/Object;)Ljava/lang/Object;' in 'java/lang/invoke/DirectMethodHandle$Holder'


---------------  P R O C E S S  ---------------

Threads class SMR info:
_java_thread_list=0x0000028a9f559b10, length=29, elements={
0x0000028a51cb45b0, 0x0000028a51cb54d0, 0x0000028a51cb9840, 0x0000028a51cba6b0,
0x0000028a51cbb920, 0x0000028a51cbc380, 0x0000028a51cc02e0, 0x0000028a9709e700,
0x0000028a9711ced0, 0x0000028a97121950, 0x0000028a97121fd0, 0x0000028a979c7880,
0x0000028a97bc5bb0, 0x0000028a97bca330, 0x0000028a97bb1620, 0x0000028a97c256c0,
0x0000028a97c0f400, 0x0000028a97c0ec00, 0x0000028a98192240, 0x0000028a9ab7b420,
0x0000028a9ab7a070, 0x0000028a9fae7cd0, 0x0000028a9ab75840, 0x0000028a9961d6f0,
0x0000028a9961e410, 0x0000028a9961eaa0, 0x0000028a9961f130, 0x0000028a9961f7c0,
0x0000028a9961fe50
}

Java Threads: ( => current thread )
  0x0000028a51cb45b0 JavaThread "Reference Handler"          daemon [_thread_blocked, id=2308, stack(0x000000fd51000000,0x000000fd51100000) (1024K)]
  0x0000028a51cb54d0 JavaThread "Finalizer"                  daemon [_thread_blocked, id=14896, stack(0x000000fd51100000,0x000000fd51200000) (1024K)]
  0x0000028a51cb9840 JavaThread "Signal Dispatcher"          daemon [_thread_blocked, id=7592, stack(0x000000fd51200000,0x000000fd51300000) (1024K)]
  0x0000028a51cba6b0 JavaThread "Attach Listener"            daemon [_thread_blocked, id=5564, stack(0x000000fd51300000,0x000000fd51400000) (1024K)]
  0x0000028a51cbb920 JavaThread "Service Thread"             daemon [_thread_blocked, id=2924, stack(0x000000fd51400000,0x000000fd51500000) (1024K)]
  0x0000028a51cbc380 JavaThread "Monitor Deflation Thread"   daemon [_thread_blocked, id=15592, stack(0x000000fd51500000,0x000000fd51600000) (1024K)]
  0x0000028a51cc02e0 JavaThread "C1 CompilerThread0"         daemon [_thread_blocked, id=16020, stack(0x000000fd51600000,0x000000fd51700000) (1024K)]
  0x0000028a9709e700 JavaThread "Common-Cleaner"             daemon [_thread_blocked, id=18520, stack(0x000000fd51700000,0x000000fd51800000) (1024K)]
  0x0000028a9711ced0 JavaThread "JDWP Transport Listener: dt_socket" daemon [_thread_blocked, id=6688, stack(0x000000fd51900000,0x000000fd51a00000) (1024K)]
  0x0000028a97121950 JavaThread "JDWP Event Helper Thread"   daemon [_thread_blocked, id=16084, stack(0x000000fd51a00000,0x000000fd51b00000) (1024K)]
  0x0000028a97121fd0 JavaThread "JDWP Command Reader"        daemon [_thread_in_native, id=1388, stack(0x000000fd51b00000,0x000000fd51c00000) (1024K)]
  0x0000028a979c7880 JavaThread "Notification Thread"        daemon [_thread_blocked, id=14292, stack(0x000000fd51c00000,0x000000fd51d00000) (1024K)]
  0x0000028a97bc5bb0 JavaThread "RMI TCP Accept-0"           daemon [_thread_in_native, id=21356, stack(0x000000fd52100000,0x000000fd52200000) (1024K)]
  0x0000028a97bca330 JavaThread "RMI TCP Accept-50724"       daemon [_thread_in_native, id=10892, stack(0x000000fd52200000,0x000000fd52300000) (1024K)]
  0x0000028a97bb1620 JavaThread "RMI TCP Accept-0"           daemon [_thread_in_native, id=16604, stack(0x000000fd52300000,0x000000fd52400000) (1024K)]
  0x0000028a97c256c0 JavaThread "RMI Scheduler(0)"           daemon [_thread_blocked, id=15236, stack(0x000000fd52500000,0x000000fd52600000) (1024K)]
  0x0000028a97c0f400 JavaThread "RMI TCP Connection(idle)"   daemon [_thread_blocked, id=14956, stack(0x000000fd52600000,0x000000fd52700000) (1024K)]
  0x0000028a97c0ec00 JavaThread "JMX server connection timeout 33" daemon [_thread_blocked, id=2140, stack(0x000000fd52700000,0x000000fd52800000) (1024K)]
  0x0000028a98192240 JavaThread "mysql-cj-abandoned-connection-cleanup" daemon [_thread_blocked, id=9224, stack(0x000000fd52d00000,0x000000fd52e00000) (1024K)]
  0x0000028a9ab7b420 JavaThread "Live Reload Server"         daemon [_thread_in_native, id=13180, stack(0x000000fd53200000,0x000000fd53300000) (1024K)]
  0x0000028a9ab7a070 JavaThread "DestroyJavaVM"                     [_thread_blocked, id=18800, stack(0x000000fd50800000,0x000000fd50900000) (1024K)]
  0x0000028a9fae7cd0 JavaThread "File Watcher"               daemon [_thread_blocked, id=3164, stack(0x000000fd51800000,0x000000fd51900000) (1024K)]
  0x0000028a9ab75840 JavaThread "File Watcher"               daemon [_thread_blocked, id=22268, stack(0x000000fd52800000,0x000000fd52900000) (1024K)]
  0x0000028a9961d6f0 JavaThread "Thread-93"                         [_thread_blocked, id=6508, stack(0x000000fd50600000,0x000000fd50700000) (1024K)]
  0x0000028a9961e410 JavaThread "restartedMain"                     [_thread_blocked, id=18196, stack(0x000000fd52b00000,0x000000fd52c00000) (1024K)]
  0x0000028a9961eaa0 JavaThread "Catalina-utility-1"                [_thread_blocked, id=21052, stack(0x000000fd52400000,0x000000fd52500000) (1024K)]
  0x0000028a9961f130 JavaThread "Catalina-utility-2"                [_thread_blocked, id=16608, stack(0x000000fd52900000,0x000000fd52a00000) (1024K)]
  0x0000028a9961f7c0 JavaThread "container-2"                       [_thread_blocked, id=22504, stack(0x000000fd52a00000,0x000000fd52b00000) (1024K)]
  0x0000028a9961fe50 JavaThread "HikariPool-25 housekeeper"  daemon [_thread_blocked, id=16556, stack(0x000000fd52e00000,0x000000fd52f00000) (1024K)]
Total: 29

Other Threads:
  0x0000028a3fae6600 VMThread "VM Thread"                           [id=6932, stack(0x000000fd50f00000,0x000000fd51000000) (1024K)]
  0x0000028a51c7da70 WatcherThread "VM Periodic Task Thread"        [id=16492, stack(0x000000fd50e00000,0x000000fd50f00000) (1024K)]
=>0x0000028a3fae70e0 WorkerThread "GC Thread#0"                     [id=19792, stack(0x000000fd50900000,0x000000fd50a00000) (1024K)]
  0x0000028a3fae6260 WorkerThread "GC Thread#1"                     [id=20340, stack(0x000000fd51d00000,0x000000fd51e00000) (1024K)]
  0x0000028a3fae69a0 WorkerThread "GC Thread#2"                     [id=19616, stack(0x000000fd51e00000,0x000000fd51f00000) (1024K)]
  0x0000028a97a21880 WorkerThread "GC Thread#3"                     [id=17976, stack(0x000000fd51f00000,0x000000fd52000000) (1024K)]
  0x0000028a3fc78c00 ConcurrentGCThread "G1 Main Marker"            [id=16932, stack(0x000000fd50a00000,0x000000fd50b00000) (1024K)]
  0x0000028a3fae7480 WorkerThread "G1 Conc#0"                       [id=18700, stack(0x000000fd50b00000,0x000000fd50c00000) (1024K)]
  0x0000028a3fcce7b0 ConcurrentGCThread "G1 Refine#0"               [id=16600, stack(0x000000fd50c00000,0x000000fd50d00000) (1024K)]
  0x0000028a51b4a360 ConcurrentGCThread "G1 Service"                [id=16504, stack(0x000000fd50d00000,0x000000fd50e00000) (1024K)]
Total: 10

Threads with active compile tasks:
Total: 0

VM state: at safepoint (normal execution)

VM Mutex/Monitor currently owned by a thread:  ([mutex/lock_event])
[0x00007ffe06a51a28] Threads_lock - owner thread: 0x0000028a3fae6600
[0x00007ffe06a51b28] Heap_lock - owner thread: 0x0000028a9fae7cd0

Heap address: 0x0000000082800000, size: 2008 MB, Compressed Oops mode: 32-bit

CDS archive(s) mapped at: [0x0000028a52000000-0x0000028a52c90000-0x0000028a52c90000), size 13172736, SharedBaseAddress: 0x0000028a52000000, ArchiveRelocationMode: 1.
Compressed class space mapped at: 0x0000028a53000000-0x0000028a93000000, reserved size: 1073741824
Narrow klass base: 0x0000028a52000000, Narrow klass shift: 0, Narrow klass range: 0x100000000

GC Precious Log:
 CardTable entry size: 512
 Card Set container configuration: InlinePtr #cards 5 size 8 Array Of Cards #cards 12 size 40 Howl #buckets 4 coarsen threshold 1843 Howl Bitmap #cards 512 size 80 coarsen threshold 460 Card regions per heap region 1 cards per card region 2048
 CPUs: 4 total, 4 available
 Memory: 8024M
 Large Page Support: Disabled
 NUMA Support: Disabled
 Compressed Oops: Enabled (32-bit)
 Heap Region Size: 1M
 Heap Min Capacity: 8M
 Heap Initial Capacity: 126M
 Heap Max Capacity: 2008M
 Pre-touch: Disabled
 Parallel Workers: 4
 Concurrent Workers: 1
 Concurrent Refinement Workers: 4
 Periodic GC: Disabled

Heap:
 garbage-first heap   total 133120K, used 116399K [0x0000000082800000, 0x0000000100000000)
  region size 1024K, 72 young (73728K), 2 survivors (2048K)
 Metaspace       used 100248K, committed 101312K, reserved 1179648K
  class space    used 13418K, committed 13888K, reserved 1048576K

Heap Regions: E=young(eden), S=young(survivor), O=old, HS=humongous(starts), HC=humongous(continues), CS=collection set, F=free, TAMS=top-at-mark-start, PB=parsable bottom
|   0|0x0000000082800000, 0x0000000082900000, 0x0000000082900000|100%|HS|  |TAMS 0x0000000082800000| PB 0x0000000082800000| Complete 
|   1|0x0000000082900000, 0x00000000829ffff8, 0x0000000082a00000| 99%| O|  |TAMS 0x0000000082900000| PB 0x0000000082900000| Untracked 
|   2|0x0000000082a00000, 0x0000000082afffe8, 0x0000000082b00000| 99%| O|  |TAMS 0x0000000082a00000| PB 0x0000000082a00000| Untracked 
|   3|0x0000000082b00000, 0x0000000082c00000, 0x0000000082c00000|100%| O|  |TAMS 0x0000000082b00000| PB 0x0000000082b00000| Untracked 
|   4|0x0000000082c00000, 0x0000000082d00000, 0x0000000082d00000|100%| O|  |TAMS 0x0000000082c00000| PB 0x0000000082c00000| Untracked 
|   5|0x0000000082d00000, 0x0000000082dffff0, 0x0000000082e00000| 99%| O|  |TAMS 0x0000000082d00000| PB 0x0000000082d00000| Untracked 
|   6|0x0000000082e00000, 0x0000000082efffe0, 0x0000000082f00000| 99%| O|  |TAMS 0x0000000082e00000| PB 0x0000000082e00000| Untracked 
|   7|0x0000000082f00000, 0x0000000082fffef8, 0x0000000083000000| 99%| O|  |TAMS 0x0000000082f00000| PB 0x0000000082f00000| Untracked 
|   8|0x0000000083000000, 0x00000000830ffff0, 0x0000000083100000| 99%| O|  |TAMS 0x0000000083000000| PB 0x0000000083000000| Untracked 
|   9|0x0000000083100000, 0x0000000083200000, 0x0000000083200000|100%| O|  |TAMS 0x0000000083100000| PB 0x0000000083100000| Untracked 
|  10|0x0000000083200000, 0x00000000832ffff8, 0x0000000083300000| 99%| O|  |TAMS 0x0000000083200000| PB 0x0000000083200000| Untracked 
|  11|0x0000000083300000, 0x00000000833fffd0, 0x0000000083400000| 99%| O|  |TAMS 0x0000000083300000| PB 0x0000000083300000| Untracked 
|  12|0x0000000083400000, 0x00000000834fffc8, 0x0000000083500000| 99%| O|  |TAMS 0x0000000083400000| PB 0x0000000083400000| Untracked 
|  13|0x0000000083500000, 0x0000000083600000, 0x0000000083600000|100%| O|  |TAMS 0x0000000083500000| PB 0x0000000083500000| Untracked 
|  14|0x0000000083600000, 0x00000000836fffe8, 0x0000000083700000| 99%| O|  |TAMS 0x0000000083600000| PB 0x0000000083600000| Untracked 
|  15|0x0000000083700000, 0x00000000837fffe0, 0x0000000083800000| 99%| O|  |TAMS 0x0000000083700000| PB 0x0000000083700000| Untracked 
|  16|0x0000000083800000, 0x0000000083900000, 0x0000000083900000|100%| O|  |TAMS 0x0000000083800000| PB 0x0000000083800000| Untracked 
|  17|0x0000000083900000, 0x0000000083a00000, 0x0000000083a00000|100%| O|  |TAMS 0x0000000083900000| PB 0x0000000083900000| Untracked 
|  18|0x0000000083a00000, 0x0000000083afffd8, 0x0000000083b00000| 99%| O|  |TAMS 0x0000000083a00000| PB 0x0000000083a00000| Untracked 
|  19|0x0000000083b00000, 0x0000000083c00000, 0x0000000083c00000|100%| O|  |TAMS 0x0000000083b00000| PB 0x0000000083b00000| Untracked 
|  20|0x0000000083c00000, 0x0000000083cffff0, 0x0000000083d00000| 99%| O|  |TAMS 0x0000000083c00000| PB 0x0000000083c00000| Untracked 
|  21|0x0000000083d00000, 0x0000000083e00000, 0x0000000083e00000|100%| O|  |TAMS 0x0000000083d00000| PB 0x0000000083d00000| Untracked 
|  22|0x0000000083e00000, 0x0000000083f00000, 0x0000000083f00000|100%| O|  |TAMS 0x0000000083e00000| PB 0x0000000083e00000| Untracked 
|  23|0x0000000083f00000, 0x0000000083fffff0, 0x0000000084000000| 99%| O|  |TAMS 0x0000000083f00000| PB 0x0000000083f00000| Untracked 
|  24|0x0000000084000000, 0x0000000084100000, 0x0000000084100000|100%| O|  |TAMS 0x0000000084000000| PB 0x0000000084000000| Untracked 
|  25|0x0000000084100000, 0x00000000841fdf78, 0x0000000084200000| 99%| O|  |TAMS 0x0000000084100000| PB 0x0000000084100000| Untracked 
|  26|0x0000000084200000, 0x0000000084300000, 0x0000000084300000|100%| O|  |TAMS 0x0000000084200000| PB 0x0000000084200000| Untracked 
|  27|0x0000000084300000, 0x00000000843fffe8, 0x0000000084400000| 99%| O|  |TAMS 0x0000000084300000| PB 0x0000000084300000| Untracked 
|  28|0x0000000084400000, 0x0000000084500000, 0x0000000084500000|100%| O|  |TAMS 0x0000000084400000| PB 0x0000000084400000| Untracked 
|  29|0x0000000084500000, 0x00000000845ffff8, 0x0000000084600000| 99%| O|  |TAMS 0x0000000084500000| PB 0x0000000084500000| Untracked 
|  30|0x0000000084600000, 0x00000000846fffe0, 0x0000000084700000| 99%| O|  |TAMS 0x0000000084600000| PB 0x0000000084600000| Untracked 
|  31|0x0000000084700000, 0x00000000847fffe0, 0x0000000084800000| 99%| O|  |TAMS 0x0000000084700000| PB 0x0000000084700000| Untracked 
|  32|0x0000000084800000, 0x0000000084900000, 0x0000000084900000|100%| O|  |TAMS 0x0000000084800000| PB 0x0000000084800000| Untracked 
|  33|0x0000000084900000, 0x00000000849ffff0, 0x0000000084a00000| 99%| O|  |TAMS 0x0000000084900000| PB 0x0000000084900000| Untracked 
|  34|0x0000000084a00000, 0x0000000084b00000, 0x0000000084b00000|100%| O|  |TAMS 0x0000000084a00000| PB 0x0000000084a00000| Untracked 
|  35|0x0000000084b00000, 0x0000000084bfffe8, 0x0000000084c00000| 99%| O|  |TAMS 0x0000000084b00000| PB 0x0000000084b00000| Untracked 
|  36|0x0000000084c00000, 0x0000000084ce6430, 0x0000000084d00000| 89%| O|  |TAMS 0x0000000084c00000| PB 0x0000000084c00000| Untracked 
|  37|0x0000000084d00000, 0x0000000084db4258, 0x0000000084e00000| 70%| O|Cm|TAMS 0x0000000084d00000| PB 0x0000000084d00000| Complete 
|  38|0x0000000084e00000, 0x0000000084ea5078, 0x0000000084f00000| 64%| O|  |TAMS 0x0000000084e00000| PB 0x0000000084e00000| Untracked 
|  39|0x0000000084f00000, 0x0000000085000000, 0x0000000085000000|100%| O|  |TAMS 0x0000000084f00000| PB 0x0000000084f00000| Untracked 
|  40|0x0000000085000000, 0x0000000085100000, 0x0000000085100000|100%| O|  |TAMS 0x0000000085000000| PB 0x0000000085000000| Untracked 
|  41|0x0000000085100000, 0x0000000085200000, 0x0000000085200000|100%| O|  |TAMS 0x0000000085100000| PB 0x0000000085100000| Untracked 
|  42|0x0000000085200000, 0x0000000085300000, 0x0000000085300000|100%| O|  |TAMS 0x0000000085200000| PB 0x0000000085200000| Untracked 
|  43|0x0000000085300000, 0x00000000853f3340, 0x0000000085400000| 95%| O|  |TAMS 0x0000000085300000| PB 0x0000000085300000| Untracked 
|  44|0x0000000085400000, 0x0000000085400000, 0x0000000085500000|  0%| F|  |TAMS 0x0000000085400000| PB 0x0000000085400000| Untracked 
|  45|0x0000000085500000, 0x0000000085500000, 0x0000000085600000|  0%| F|  |TAMS 0x0000000085500000| PB 0x0000000085500000| Untracked 
|  46|0x0000000085600000, 0x0000000085600000, 0x0000000085700000|  0%| F|  |TAMS 0x0000000085600000| PB 0x0000000085600000| Untracked 
|  47|0x0000000085700000, 0x0000000085700000, 0x0000000085800000|  0%| F|  |TAMS 0x0000000085700000| PB 0x0000000085700000| Untracked 
|  48|0x0000000085800000, 0x0000000085800000, 0x0000000085900000|  0%| F|  |TAMS 0x0000000085800000| PB 0x0000000085800000| Untracked 
|  49|0x0000000085900000, 0x000000008596ebe0, 0x0000000085a00000| 43%| E|CS|TAMS 0x0000000085900000| PB 0x0000000085900000| Complete 
|  50|0x0000000085a00000, 0x0000000085b00000, 0x0000000085b00000|100%| E|CS|TAMS 0x0000000085a00000| PB 0x0000000085a00000| Complete 
|  51|0x0000000085b00000, 0x0000000085c00000, 0x0000000085c00000|100%| E|CS|TAMS 0x0000000085b00000| PB 0x0000000085b00000| Complete 
|  52|0x0000000085c00000, 0x0000000085d00000, 0x0000000085d00000|100%| E|CS|TAMS 0x0000000085c00000| PB 0x0000000085c00000| Complete 
|  53|0x0000000085d00000, 0x0000000085e00000, 0x0000000085e00000|100%| E|CS|TAMS 0x0000000085d00000| PB 0x0000000085d00000| Complete 
|  54|0x0000000085e00000, 0x0000000085f00000, 0x0000000085f00000|100%| E|CS|TAMS 0x0000000085e00000| PB 0x0000000085e00000| Complete 
|  55|0x0000000085f00000, 0x0000000085f00000, 0x0000000086000000|  0%| F|  |TAMS 0x0000000085f00000| PB 0x0000000085f00000| Untracked 
|  56|0x0000000086000000, 0x0000000086000000, 0x0000000086100000|  0%| F|  |TAMS 0x0000000086000000| PB 0x0000000086000000| Untracked 
|  57|0x0000000086100000, 0x0000000086100000, 0x0000000086200000|  0%| F|  |TAMS 0x0000000086100000| PB 0x0000000086100000| Untracked 
|  58|0x0000000086200000, 0x00000000862a4e68, 0x0000000086300000| 64%| S|  |TAMS 0x0000000086200000| PB 0x0000000086200000| Complete 
|  59|0x0000000086300000, 0x0000000086400000, 0x0000000086400000|100%| S|  |TAMS 0x0000000086300000| PB 0x0000000086300000| Complete 
|  60|0x0000000086400000, 0x0000000086500000, 0x0000000086500000|100%| E|CS|TAMS 0x0000000086400000| PB 0x0000000086400000| Complete 
|  61|0x0000000086500000, 0x0000000086600000, 0x0000000086600000|100%| E|CS|TAMS 0x0000000086500000| PB 0x0000000086500000| Complete 
|  62|0x0000000086600000, 0x0000000086700000, 0x0000000086700000|100%| E|CS|TAMS 0x0000000086600000| PB 0x0000000086600000| Complete 
|  63|0x0000000086700000, 0x0000000086800000, 0x0000000086800000|100%| E|CS|TAMS 0x0000000086700000| PB 0x0000000086700000| Complete 
|  64|0x0000000086800000, 0x0000000086900000, 0x0000000086900000|100%| E|CS|TAMS 0x0000000086800000| PB 0x0000000086800000| Complete 
|  65|0x0000000086900000, 0x0000000086a00000, 0x0000000086a00000|100%| E|CS|TAMS 0x0000000086900000| PB 0x0000000086900000| Complete 
|  66|0x0000000086a00000, 0x0000000086b00000, 0x0000000086b00000|100%| E|CS|TAMS 0x0000000086a00000| PB 0x0000000086a00000| Complete 
|  67|0x0000000086b00000, 0x0000000086c00000, 0x0000000086c00000|100%| E|CS|TAMS 0x0000000086b00000| PB 0x0000000086b00000| Complete 
|  68|0x0000000086c00000, 0x0000000086d00000, 0x0000000086d00000|100%| E|CS|TAMS 0x0000000086c00000| PB 0x0000000086c00000| Complete 
|  69|0x0000000086d00000, 0x0000000086e00000, 0x0000000086e00000|100%| E|CS|TAMS 0x0000000086d00000| PB 0x0000000086d00000| Complete 
|  70|0x0000000086e00000, 0x0000000086f00000, 0x0000000086f00000|100%| E|CS|TAMS 0x0000000086e00000| PB 0x0000000086e00000| Complete 
|  71|0x0000000086f00000, 0x0000000087000000, 0x0000000087000000|100%| E|CS|TAMS 0x0000000086f00000| PB 0x0000000086f00000| Complete 
|  72|0x0000000087000000, 0x0000000087100000, 0x0000000087100000|100%| E|CS|TAMS 0x0000000087000000| PB 0x0000000087000000| Complete 
|  73|0x0000000087100000, 0x0000000087200000, 0x0000000087200000|100%| E|CS|TAMS 0x0000000087100000| PB 0x0000000087100000| Complete 
|  74|0x0000000087200000, 0x0000000087300000, 0x0000000087300000|100%| E|CS|TAMS 0x0000000087200000| PB 0x0000000087200000| Complete 
|  75|0x0000000087300000, 0x0000000087400000, 0x0000000087400000|100%| E|CS|TAMS 0x0000000087300000| PB 0x0000000087300000| Complete 
|  76|0x0000000087400000, 0x0000000087500000, 0x0000000087500000|100%| E|CS|TAMS 0x0000000087400000| PB 0x0000000087400000| Complete 
|  77|0x0000000087500000, 0x0000000087600000, 0x0000000087600000|100%| E|CS|TAMS 0x0000000087500000| PB 0x0000000087500000| Complete 
|  78|0x0000000087600000, 0x0000000087700000, 0x0000000087700000|100%| E|CS|TAMS 0x0000000087600000| PB 0x0000000087600000| Complete 
|  79|0x0000000087700000, 0x0000000087800000, 0x0000000087800000|100%| E|CS|TAMS 0x0000000087700000| PB 0x0000000087700000| Complete 
|  80|0x0000000087800000, 0x0000000087900000, 0x0000000087900000|100%| E|CS|TAMS 0x0000000087800000| PB 0x0000000087800000| Complete 
|  81|0x0000000087900000, 0x0000000087a00000, 0x0000000087a00000|100%| E|CS|TAMS 0x0000000087900000| PB 0x0000000087900000| Complete 
|  82|0x0000000087a00000, 0x0000000087b00000, 0x0000000087b00000|100%| E|CS|TAMS 0x0000000087a00000| PB 0x0000000087a00000| Complete 
|  83|0x0000000087b00000, 0x0000000087c00000, 0x0000000087c00000|100%| E|CS|TAMS 0x0000000087b00000| PB 0x0000000087b00000| Complete 
|  84|0x0000000087c00000, 0x0000000087d00000, 0x0000000087d00000|100%| E|CS|TAMS 0x0000000087c00000| PB 0x0000000087c00000| Complete 
|  85|0x0000000087d00000, 0x0000000087e00000, 0x0000000087e00000|100%| E|CS|TAMS 0x0000000087d00000| PB 0x0000000087d00000| Complete 
|  86|0x0000000087e00000, 0x0000000087f00000, 0x0000000087f00000|100%| E|CS|TAMS 0x0000000087e00000| PB 0x0000000087e00000| Complete 
|  87|0x0000000087f00000, 0x0000000088000000, 0x0000000088000000|100%| E|CS|TAMS 0x0000000087f00000| PB 0x0000000087f00000| Complete 
|  88|0x0000000088000000, 0x0000000088100000, 0x0000000088100000|100%| E|CS|TAMS 0x0000000088000000| PB 0x0000000088000000| Complete 
|  89|0x0000000088100000, 0x0000000088200000, 0x0000000088200000|100%| E|CS|TAMS 0x0000000088100000| PB 0x0000000088100000| Complete 
|  90|0x0000000088200000, 0x0000000088300000, 0x0000000088300000|100%| E|CS|TAMS 0x0000000088200000| PB 0x0000000088200000| Complete 
|  91|0x0000000088300000, 0x0000000088400000, 0x0000000088400000|100%| E|CS|TAMS 0x0000000088300000| PB 0x0000000088300000| Complete 
|  92|0x0000000088400000, 0x0000000088500000, 0x0000000088500000|100%| E|CS|TAMS 0x0000000088400000| PB 0x0000000088400000| Complete 
|  93|0x0000000088500000, 0x0000000088600000, 0x0000000088600000|100%| E|CS|TAMS 0x0000000088500000| PB 0x0000000088500000| Complete 
|  94|0x0000000088600000, 0x0000000088700000, 0x0000000088700000|100%| E|CS|TAMS 0x0000000088600000| PB 0x0000000088600000| Complete 
|  95|0x0000000088700000, 0x0000000088800000, 0x0000000088800000|100%| E|CS|TAMS 0x0000000088700000| PB 0x0000000088700000| Complete 
|  96|0x0000000088800000, 0x0000000088900000, 0x0000000088900000|100%| E|CS|TAMS 0x0000000088800000| PB 0x0000000088800000| Complete 
|  97|0x0000000088900000, 0x0000000088a00000, 0x0000000088a00000|100%| E|CS|TAMS 0x0000000088900000| PB 0x0000000088900000| Complete 
|  98|0x0000000088a00000, 0x0000000088b00000, 0x0000000088b00000|100%| E|CS|TAMS 0x0000000088a00000| PB 0x0000000088a00000| Complete 
|  99|0x0000000088b00000, 0x0000000088c00000, 0x0000000088c00000|100%| E|CS|TAMS 0x0000000088b00000| PB 0x0000000088b00000| Complete 
| 100|0x0000000088c00000, 0x0000000088d00000, 0x0000000088d00000|100%| E|CS|TAMS 0x0000000088c00000| PB 0x0000000088c00000| Complete 
| 101|0x0000000088d00000, 0x0000000088e00000, 0x0000000088e00000|100%| E|CS|TAMS 0x0000000088d00000| PB 0x0000000088d00000| Complete 
| 102|0x0000000088e00000, 0x0000000088f00000, 0x0000000088f00000|100%| E|CS|TAMS 0x0000000088e00000| PB 0x0000000088e00000| Complete 
| 103|0x0000000088f00000, 0x0000000089000000, 0x0000000089000000|100%| E|CS|TAMS 0x0000000088f00000| PB 0x0000000088f00000| Complete 
| 104|0x0000000089000000, 0x0000000089100000, 0x0000000089100000|100%| E|CS|TAMS 0x0000000089000000| PB 0x0000000089000000| Complete 
| 105|0x0000000089100000, 0x0000000089200000, 0x0000000089200000|100%| E|CS|TAMS 0x0000000089100000| PB 0x0000000089100000| Complete 
| 106|0x0000000089200000, 0x0000000089300000, 0x0000000089300000|100%| E|CS|TAMS 0x0000000089200000| PB 0x0000000089200000| Complete 
| 107|0x0000000089300000, 0x0000000089400000, 0x0000000089400000|100%| E|CS|TAMS 0x0000000089300000| PB 0x0000000089300000| Complete 
| 108|0x0000000089400000, 0x0000000089500000, 0x0000000089500000|100%| E|CS|TAMS 0x0000000089400000| PB 0x0000000089400000| Complete 
| 109|0x0000000089500000, 0x0000000089600000, 0x0000000089600000|100%| E|CS|TAMS 0x0000000089500000| PB 0x0000000089500000| Complete 
| 110|0x0000000089600000, 0x0000000089700000, 0x0000000089700000|100%| E|CS|TAMS 0x0000000089600000| PB 0x0000000089600000| Complete 
| 111|0x0000000089700000, 0x0000000089800000, 0x0000000089800000|100%| E|CS|TAMS 0x0000000089700000| PB 0x0000000089700000| Complete 
| 112|0x0000000089800000, 0x0000000089900000, 0x0000000089900000|100%| E|CS|TAMS 0x0000000089800000| PB 0x0000000089800000| Complete 
| 113|0x0000000089900000, 0x0000000089a00000, 0x0000000089a00000|100%| E|CS|TAMS 0x0000000089900000| PB 0x0000000089900000| Complete 
| 114|0x0000000089a00000, 0x0000000089b00000, 0x0000000089b00000|100%| E|CS|TAMS 0x0000000089a00000| PB 0x0000000089a00000| Complete 
| 115|0x0000000089b00000, 0x0000000089c00000, 0x0000000089c00000|100%| E|CS|TAMS 0x0000000089b00000| PB 0x0000000089b00000| Complete 
| 116|0x0000000089c00000, 0x0000000089d00000, 0x0000000089d00000|100%| E|CS|TAMS 0x0000000089c00000| PB 0x0000000089c00000| Complete 
| 117|0x0000000089d00000, 0x0000000089e00000, 0x0000000089e00000|100%| E|CS|TAMS 0x0000000089d00000| PB 0x0000000089d00000| Complete 
| 118|0x0000000089e00000, 0x0000000089f00000, 0x0000000089f00000|100%| E|CS|TAMS 0x0000000089e00000| PB 0x0000000089e00000| Complete 
| 119|0x0000000089f00000, 0x000000008a000000, 0x000000008a000000|100%| E|CS|TAMS 0x0000000089f00000| PB 0x0000000089f00000| Complete 
| 120|0x000000008a000000, 0x000000008a100000, 0x000000008a100000|100%| E|CS|TAMS 0x000000008a000000| PB 0x000000008a000000| Complete 
| 121|0x000000008a100000, 0x000000008a200000, 0x000000008a200000|100%| E|CS|TAMS 0x000000008a100000| PB 0x000000008a100000| Complete 
| 122|0x000000008a200000, 0x000000008a300000, 0x000000008a300000|100%| E|CS|TAMS 0x000000008a200000| PB 0x000000008a200000| Complete 
| 123|0x000000008a300000, 0x000000008a400000, 0x000000008a400000|100%| E|CS|TAMS 0x000000008a300000| PB 0x000000008a300000| Complete 
| 124|0x000000008a400000, 0x000000008a500000, 0x000000008a500000|100%| E|CS|TAMS 0x000000008a400000| PB 0x000000008a400000| Complete 
| 125|0x000000008a500000, 0x000000008a600000, 0x000000008a600000|100%| E|CS|TAMS 0x000000008a500000| PB 0x000000008a500000| Complete 
| 126|0x000000008a600000, 0x000000008a700000, 0x000000008a700000|100%| E|CS|TAMS 0x000000008a600000| PB 0x000000008a600000| Complete 
| 127|0x000000008a700000, 0x000000008a800000, 0x000000008a800000|100%| E|CS|TAMS 0x000000008a700000| PB 0x000000008a700000| Complete 
| 128|0x000000008a800000, 0x000000008a900000, 0x000000008a900000|100%| E|CS|TAMS 0x000000008a800000| PB 0x000000008a800000| Complete 
| 129|0x000000008a900000, 0x000000008aa00000, 0x000000008aa00000|100%| E|CS|TAMS 0x000000008a900000| PB 0x000000008a900000| Complete 

Card table byte_map: [0x0000028a4d340000,0x0000028a4d730000] _byte_map_base: 0x0000028a4cf2c000

Marking Bits: (CMBitMap*) 0x0000028a3fc68820
 Bits: [0x0000028a4d730000, 0x0000028a4f690000)

Polling page: 0x0000028a3fa80000

Metaspace:

Usage:
  Non-class:     84.79 MB used.
      Class:     13.10 MB used.
       Both:     97.90 MB used.

Virtual space:
  Non-class space:      128.00 MB reserved,      85.38 MB ( 67%) committed,  2 nodes.
      Class space:        1.00 GB reserved,      13.56 MB (  1%) committed,  1 nodes.
             Both:        1.12 GB reserved,      98.94 MB (  9%) committed. 

Chunk freelists:
   Non-Class:  10.66 MB
       Class:  2.33 MB
        Both:  12.98 MB

MaxMetaspaceSize: unlimited
CompressedClassSpaceSize: 1.00 GB
Initial GC threshold: 21.00 MB
Current GC threshold: 164.50 MB
CDS: on
 - commit_granule_bytes: 65536.
 - commit_granule_words: 8192.
 - virtual_space_node_default_size: 8388608.
 - enlarge_chunks_in_place: 1.
 - use_allocation_guard: 0.


Internal statistics:

num_allocs_failed_limit: 18.
num_arena_births: 4816.
num_arena_deaths: 3502.
num_vsnodes_births: 3.
num_vsnodes_deaths: 0.
num_space_committed: 1624.
num_space_uncommitted: 33.
num_chunks_returned_to_freelist: 5206.
num_chunks_taken_from_freelist: 10834.
num_chunk_merges: 1137.
num_chunk_splits: 5480.
num_chunks_enlarged: 3663.
num_inconsistent_stats: 0.

CodeCache: size=49152Kb used=26952Kb max_used=28220Kb free=22199Kb
 bounds [0x0000028a49aa0000, 0x0000028a4b640000, 0x0000028a4caa0000]
 total_blobs=12507 nmethods=11468 adapters=961
 compilation: enabled
              stopped_count=0, restarted_count=0
 full_count=0

Compilation events (20 events):
Event: 208407.740 Thread 0x0000028a51cc02e0 37314       1       org.hibernate.resource.transaction.backend.jdbc.internal.JdbcResourceLocalTransactionCoordinatorImpl::getTransactionDriverControl (33 bytes)
Event: 208407.741 Thread 0x0000028a51cc02e0 nmethod 37314 0x0000028a49c84690 code [0x0000028a49c84880, 0x0000028a49c84cc8]
Event: 208407.741 Thread 0x0000028a51cc02e0 37315       1       org.springframework.data.jpa.repository.query.AbstractJpaQuery::getEntityManager (5 bytes)
Event: 208407.742 Thread 0x0000028a9f7255b0 37316       1       org.springframework.data.repository.query.QueryMethod::getResultProcessor (5 bytes)
Event: 208407.742 Thread 0x0000028a51cc02e0 nmethod 37315 0x0000028a4a5b9a90 code [0x0000028a4a5b9c20, 0x0000028a4a5b9ce8]
Event: 208407.742 Thread 0x0000028a9f7255b0 nmethod 37316 0x0000028a4a67cd90 code [0x0000028a4a67cf20, 0x0000028a4a67cfe8]
Event: 208407.742 Thread 0x0000028a51cc02e0 37317       1       org.springframework.data.repository.query.ResultProcessor::getReturnedType (5 bytes)
Event: 208407.742 Thread 0x0000028a51cc02e0 nmethod 37317 0x0000028a4a683c90 code [0x0000028a4a683e20, 0x0000028a4a683ee8]
Event: 208407.794 Thread 0x0000028a9f7255b0 37318       1       org.springframework.beans.factory.support.GenericTypeAwareAutowireCandidateResolver::getReturnTypeForFactoryMethod (57 bytes)
Event: 208407.795 Thread 0x0000028a9f7255b0 nmethod 37318 0x0000028a4b491990 code [0x0000028a4b491ba0, 0x0000028a4b491f38]
Event: 208466.616 Thread 0x0000028a51cc02e0 37319       1       java.io.ObjectStreamField::getSignature (39 bytes)
Event: 208466.616 Thread 0x0000028a51cc02e0 nmethod 37319 0x0000028a49e0e210 code [0x0000028a49e0e3e0, 0x0000028a49e0e5a8]
Event: 208466.618 Thread 0x0000028a51cc02e0 37320       1       java.io.ObjectInputStream$BlockDataInputStream::readByte (20 bytes)
Event: 208466.619 Thread 0x0000028a51cc02e0 nmethod 37320 0x0000028a49e8f490 code [0x0000028a49e8f640, 0x0000028a49e8f7e0]
Event: 208466.619 Thread 0x0000028a51cc02e0 37321       1       java.io.ObjectInputStream$BlockDataInputStream::readUTF (10 bytes)
Event: 208466.619 Thread 0x0000028a51cc02e0 nmethod 37321 0x0000028a49ce6010 code [0x0000028a49ce61c0, 0x0000028a49ce62d8]
Event: 208466.620 Thread 0x0000028a51cc02e0 37322       1       java.io.ObjectStreamClass::requireInitialized (19 bytes)
Event: 208466.621 Thread 0x0000028a51cc02e0 nmethod 37322 0x0000028a4a88b410 code [0x0000028a4a88b5c0, 0x0000028a4a88b738]
Event: 208601.261 Thread 0x0000028a51cc02e0 37323       1       java.io.DataInputStream::<init> (28 bytes)
Event: 208601.261 Thread 0x0000028a51cc02e0 nmethod 37323 0x0000028a4a925010 code [0x0000028a4a9251c0, 0x0000028a4a9254c0]

GC Heap History (20 events):
Event: 208032.943 GC heap after
{Heap after GC invocations=253 (full 20):
 garbage-first heap   total 137216K, used 44696K [0x0000000082800000, 0x0000000100000000)
  region size 1024K, 6 young (6144K), 6 survivors (6144K)
 Metaspace       used 98682K, committed 99712K, reserved 1179648K
  class space    used 13286K, committed 13760K, reserved 1048576K
}
Event: 208033.997 GC heap before
{Heap before GC invocations=254 (full 20):
 garbage-first heap   total 137216K, used 120472K [0x0000000082800000, 0x0000000100000000)
  region size 1024K, 80 young (81920K), 6 survivors (6144K)
 Metaspace       used 98960K, committed 100032K, reserved 1179648K
  class space    used 13304K, committed 13760K, reserved 1048576K
}
Event: 208034.019 GC heap after
{Heap after GC invocations=255 (full 20):
 garbage-first heap   total 138240K, used 52309K [0x0000000082800000, 0x0000000100000000)
  region size 1024K, 8 young (8192K), 8 survivors (8192K)
 Metaspace       used 98960K, committed 100032K, reserved 1179648K
  class space    used 13304K, committed 13760K, reserved 1048576K
}
Event: 208034.455 GC heap before
{Heap before GC invocations=255 (full 20):
 garbage-first heap   total 138240K, used 118869K [0x0000000082800000, 0x0000000100000000)
  region size 1024K, 73 young (74752K), 8 survivors (8192K)
 Metaspace       used 98960K, committed 100032K, reserved 1179648K
  class space    used 13304K, committed 13760K, reserved 1048576K
}
Event: 208034.471 GC heap after
{Heap after GC invocations=256 (full 20):
 garbage-first heap   total 138240K, used 55561K [0x0000000082800000, 0x0000000100000000)
  region size 1024K, 10 young (10240K), 10 survivors (10240K)
 Metaspace       used 98960K, committed 100032K, reserved 1179648K
  class space    used 13304K, committed 13760K, reserved 1048576K
}
Event: 208057.519 GC heap before
{Heap before GC invocations=256 (full 20):
 garbage-first heap   total 138240K, used 105737K [0x0000000082800000, 0x0000000100000000)
  region size 1024K, 60 young (61440K), 10 survivors (10240K)
 Metaspace       used 98986K, committed 100032K, reserved 1179648K
  class space    used 13308K, committed 13760K, reserved 1048576K
}
Event: 208057.732 GC heap after
{Heap after GC invocations=257 (full 21):
 garbage-first heap   total 133120K, used 38732K [0x0000000082800000, 0x0000000100000000)
  region size 1024K, 0 young (0K), 0 survivors (0K)
 Metaspace       used 98962K, committed 100032K, reserved 1179648K
  class space    used 13303K, committed 13760K, reserved 1048576K
}
Event: 208060.884 GC heap before
{Heap before GC invocations=257 (full 21):
 garbage-first heap   total 133120K, used 111436K [0x0000000082800000, 0x0000000100000000)
  region size 1024K, 72 young (73728K), 0 survivors (0K)
 Metaspace       used 99218K, committed 100288K, reserved 1179648K
  class space    used 13339K, committed 13824K, reserved 1048576K
}
Event: 208060.899 GC heap after
{Heap after GC invocations=258 (full 21):
 garbage-first heap   total 133120K, used 44253K [0x0000000082800000, 0x0000000100000000)
  region size 1024K, 6 young (6144K), 6 survivors (6144K)
 Metaspace       used 99218K, committed 100288K, reserved 1179648K
  class space    used 13339K, committed 13824K, reserved 1048576K
}
Event: 208062.137 GC heap before
{Heap before GC invocations=259 (full 21):
 garbage-first heap   total 133120K, used 113885K [0x0000000082800000, 0x0000000100000000)
  region size 1024K, 73 young (74752K), 6 survivors (6144K)
 Metaspace       used 99604K, committed 100672K, reserved 1179648K
  class space    used 13365K, committed 13824K, reserved 1048576K
}
Event: 208062.157 GC heap after
{Heap after GC invocations=260 (full 21):
 garbage-first heap   total 133120K, used 50837K [0x0000000082800000, 0x0000000100000000)
  region size 1024K, 6 young (6144K), 6 survivors (6144K)
 Metaspace       used 99604K, committed 100672K, reserved 1179648K
  class space    used 13365K, committed 13824K, reserved 1048576K
}
Event: 208062.652 GC heap before
{Heap before GC invocations=260 (full 21):
 garbage-first heap   total 133120K, used 115349K [0x0000000082800000, 0x0000000100000000)
  region size 1024K, 69 young (70656K), 6 survivors (6144K)
 Metaspace       used 99604K, committed 100672K, reserved 1179648K
  class space    used 13365K, committed 13824K, reserved 1048576K
}
Event: 208062.666 GC heap after
{Heap after GC invocations=261 (full 21):
 garbage-first heap   total 133120K, used 51503K [0x0000000082800000, 0x0000000100000000)
  region size 1024K, 5 young (5120K), 5 survivors (5120K)
 Metaspace       used 99604K, committed 100672K, reserved 1179648K
  class space    used 13365K, committed 13824K, reserved 1048576K
}
Event: 208072.711 GC heap before
{Heap before GC invocations=261 (full 21):
 garbage-first heap   total 133120K, used 114991K [0x0000000082800000, 0x0000000100000000)
  region size 1024K, 68 young (69632K), 5 survivors (5120K)
 Metaspace       used 99624K, committed 100672K, reserved 1179648K
  class space    used 13367K, committed 13824K, reserved 1048576K
}
Event: 208072.719 GC heap after
{Heap after GC invocations=262 (full 21):
 garbage-first heap   total 160768K, used 48810K [0x0000000082800000, 0x0000000100000000)
  region size 1024K, 2 young (2048K), 2 survivors (2048K)
 Metaspace       used 99624K, committed 100672K, reserved 1179648K
  class space    used 13367K, committed 13824K, reserved 1048576K
}
Event: 208404.224 GC heap before
{Heap before GC invocations=263 (full 21):
 garbage-first heap   total 160768K, used 121514K [0x0000000082800000, 0x0000000100000000)
  region size 1024K, 74 young (75776K), 2 survivors (2048K)
 Metaspace       used 99617K, committed 100672K, reserved 1179648K
  class space    used 13366K, committed 13824K, reserved 1048576K
}
Event: 208404.434 GC heap after
{Heap after GC invocations=264 (full 22):
 garbage-first heap   total 133120K, used 39156K [0x0000000082800000, 0x0000000100000000)
  region size 1024K, 0 young (0K), 0 survivors (0K)
 Metaspace       used 99617K, committed 100672K, reserved 1179648K
  class space    used 13366K, committed 13824K, reserved 1048576K
}
Event: 208407.113 GC heap before
{Heap before GC invocations=264 (full 22):
 garbage-first heap   total 133120K, used 114932K [0x0000000082800000, 0x0000000100000000)
  region size 1024K, 75 young (76800K), 0 survivors (0K)
 Metaspace       used 99937K, committed 100992K, reserved 1179648K
  class space    used 13400K, committed 13888K, reserved 1048576K
}
Event: 208407.126 GC heap after
{Heap after GC invocations=265 (full 22):
 garbage-first heap   total 133120K, used 44719K [0x0000000082800000, 0x0000000100000000)
  region size 1024K, 6 young (6144K), 6 survivors (6144K)
 Metaspace       used 99937K, committed 100992K, reserved 1179648K
  class space    used 13400K, committed 13888K, reserved 1048576K
}
Event: 208651.991 GC heap before
{Heap before GC invocations=266 (full 22):
 garbage-first heap   total 133120K, used 116399K [0x0000000082800000, 0x0000000100000000)
  region size 1024K, 76 young (77824K), 6 survivors (6144K)
 Metaspace       used 100248K, committed 101312K, reserved 1179648K
  class space    used 13418K, committed 13888K, reserved 1048576K
}

Dll operation events (12 events):
Event: 0.023 Loaded shared library C:\pleiades\2023-12\java\21\bin\java.dll
Event: 0.687 Loaded shared library C:\pleiades\2023-12\java\21\bin\zip.dll
Event: 0.707 Loaded shared library C:\pleiades\2023-12\java\21\bin\instrument.dll
Event: 0.721 Loaded shared library C:\pleiades\2023-12\java\21\bin\net.dll
Event: 0.723 Loaded shared library C:\pleiades\2023-12\java\21\bin\nio.dll
Event: 0.729 Loaded shared library C:\pleiades\2023-12\java\21\bin\zip.dll
Event: 1.069 Loaded shared library C:\pleiades\2023-12\java\21\bin\jimage.dll
Event: 1.159 Loaded shared library C:\pleiades\2023-12\java\21\bin\management.dll
Event: 1.191 Loaded shared library C:\pleiades\2023-12\java\21\bin\management_ext.dll
Event: 1.613 Loaded shared library C:\pleiades\2023-12\java\21\bin\verify.dll
Event: 1.888 Loaded shared library C:\pleiades\2023-12\java\21\bin\extnet.dll
Event: 4.982 Loaded shared library C:\pleiades\2023-12\java\21\bin\sunmscapi.dll

Deoptimization events (20 events):
Event: 208466.617 Thread 0x0000028a97c0f400 DEOPT PACKING pc=0x0000028a4a21d06c sp=0x000000fd526fdaf0
Event: 208466.617 Thread 0x0000028a97c0f400 DEOPT UNPACKING pc=0x0000028a49af4e42 sp=0x000000fd526fd058 mode 1
Event: 208466.617 Thread 0x0000028a97c0f400 DEOPT PACKING pc=0x0000028a4a21d06c sp=0x000000fd526fdaf0
Event: 208466.617 Thread 0x0000028a97c0f400 DEOPT UNPACKING pc=0x0000028a49af4e42 sp=0x000000fd526fd058 mode 1
Event: 208466.618 Thread 0x0000028a97c0f400 DEOPT PACKING pc=0x0000028a4aca3ab4 sp=0x000000fd526fd7e0
Event: 208466.618 Thread 0x0000028a97c0f400 DEOPT UNPACKING pc=0x0000028a49af4e42 sp=0x000000fd526fcd48 mode 1
Event: 208466.619 Thread 0x0000028a97c0f400 DEOPT PACKING pc=0x0000028a4a21d06c sp=0x000000fd526fd850
Event: 208466.619 Thread 0x0000028a97c0f400 DEOPT UNPACKING pc=0x0000028a49af4e42 sp=0x000000fd526fcdb8 mode 1
Event: 208466.620 Thread 0x0000028a97c0f400 DEOPT PACKING pc=0x0000028a4a21d06c sp=0x000000fd526fd850
Event: 208466.620 Thread 0x0000028a97c0f400 DEOPT UNPACKING pc=0x0000028a49af4e42 sp=0x000000fd526fcdb8 mode 1
Event: 208466.620 Thread 0x0000028a97c0f400 DEOPT PACKING pc=0x0000028a4a21d06c sp=0x000000fd526fd850
Event: 208466.620 Thread 0x0000028a97c0f400 DEOPT UNPACKING pc=0x0000028a49af4e42 sp=0x000000fd526fcdb8 mode 1
Event: 208466.620 Thread 0x0000028a97c0f400 DEOPT PACKING pc=0x0000028a4a21d06c sp=0x000000fd526fd850
Event: 208466.620 Thread 0x0000028a97c0f400 DEOPT UNPACKING pc=0x0000028a49af4e42 sp=0x000000fd526fcdb8 mode 1
Event: 208466.620 Thread 0x0000028a97c0f400 DEOPT PACKING pc=0x0000028a4a21d06c sp=0x000000fd526fd850
Event: 208466.620 Thread 0x0000028a97c0f400 DEOPT UNPACKING pc=0x0000028a49af4e42 sp=0x000000fd526fcdb8 mode 1
Event: 208466.620 Thread 0x0000028a97c0f400 DEOPT PACKING pc=0x0000028a4a21d06c sp=0x000000fd526fd850
Event: 208466.620 Thread 0x0000028a97c0f400 DEOPT UNPACKING pc=0x0000028a49af4e42 sp=0x000000fd526fcdb8 mode 1
Event: 208466.620 Thread 0x0000028a97c0f400 DEOPT PACKING pc=0x0000028a4a21d06c sp=0x000000fd526fd850
Event: 208466.620 Thread 0x0000028a97c0f400 DEOPT UNPACKING pc=0x0000028a49af4e42 sp=0x000000fd526fcdb8 mode 1

Classes loaded (20 events):
Event: 207848.396 Loading class java/time/DurationEditor
Event: 207848.396 Loading class java/time/DurationEditor done
Event: 207849.853 Loading class java/lang/ObjectBeanInfo
Event: 207849.853 Loading class java/lang/ObjectBeanInfo done
Event: 207849.854 Loading class java/lang/ObjectBeanInfo
Event: 207849.854 Loading class java/lang/ObjectBeanInfo done
Event: 207849.855 Loading class java/lang/ObjectCustomizer
Event: 207849.855 Loading class java/lang/ObjectCustomizer done
Event: 207849.856 Loading class java/lang/ObjectCustomizer
Event: 207849.856 Loading class java/lang/ObjectCustomizer done
Event: 207944.413 Loading class java/lang/ObjectBeanInfo
Event: 207944.413 Loading class java/lang/ObjectBeanInfo done
Event: 207944.413 Loading class java/lang/ObjectBeanInfo
Event: 207944.413 Loading class java/lang/ObjectBeanInfo done
Event: 207944.414 Loading class java/lang/ObjectCustomizer
Event: 207944.414 Loading class java/lang/ObjectCustomizer done
Event: 207944.414 Loading class java/lang/ObjectCustomizer
Event: 207944.414 Loading class java/lang/ObjectCustomizer done
Event: 208033.478 Loading class java/time/DurationEditor
Event: 208033.478 Loading class java/time/DurationEditor done

Classes unloaded (20 events):
Event: 208072.855 Thread 0x0000028a3fae6600 Unloading class 0x0000028a53d8a800 'org/apache/catalina/loader/JdbcLeakPrevention'
Event: 208407.314 Thread 0x0000028a3fae6600 Unloading class 0x0000028a53d8ac00 'jdk/internal/reflect/GeneratedSerializationConstructorAccessor231'
Event: 208407.314 Thread 0x0000028a3fae6600 Unloading class 0x0000028a53d8a800 'jdk/internal/reflect/GeneratedSerializationConstructorAccessor230'
Event: 208407.314 Thread 0x0000028a3fae6600 Unloading class 0x0000028a53d94c00 'jdk/internal/reflect/GeneratedSerializationConstructorAccessor229'
Event: 208407.314 Thread 0x0000028a3fae6600 Unloading class 0x0000028a53d94800 'jdk/internal/reflect/GeneratedSerializationConstructorAccessor223'
Event: 208407.314 Thread 0x0000028a3fae6600 Unloading class 0x0000028a53d89c00 'java/lang/invoke/LambdaForm$MH+0x0000028a53d89c00'
Event: 208407.314 Thread 0x0000028a3fae6600 Unloading class 0x0000028a53d89800 'java/lang/invoke/LambdaForm$MH+0x0000028a53d89800'
Event: 208407.314 Thread 0x0000028a3fae6600 Unloading class 0x0000028a53d89400 'java/lang/invoke/LambdaForm$MH+0x0000028a53d89400'
Event: 208407.314 Thread 0x0000028a3fae6600 Unloading class 0x0000028a53d89000 'java/lang/invoke/LambdaForm$MH+0x0000028a53d89000'
Event: 208407.314 Thread 0x0000028a3fae6600 Unloading class 0x0000028a53d88c00 'java/lang/invoke/LambdaForm$BMH+0x0000028a53d88c00'
Event: 208407.314 Thread 0x0000028a3fae6600 Unloading class 0x0000028a530db400 'java/lang/invoke/LambdaForm$MH+0x0000028a530db400'
Event: 208407.314 Thread 0x0000028a3fae6600 Unloading class 0x0000028a53cd9800 'java/lang/invoke/LambdaForm$MH+0x0000028a53cd9800'
Event: 208407.314 Thread 0x0000028a3fae6600 Unloading class 0x0000028a53109c00 'java/lang/invoke/LambdaForm$MH+0x0000028a53109c00'
Event: 208407.314 Thread 0x0000028a3fae6600 Unloading class 0x0000028a53ac4000 'java/lang/invoke/LambdaForm$MH+0x0000028a53ac4000'
Event: 208407.314 Thread 0x0000028a3fae6600 Unloading class 0x0000028a5352a000 'java/lang/invoke/LambdaForm$MH+0x0000028a5352a000'
Event: 208407.314 Thread 0x0000028a3fae6600 Unloading class 0x0000028a53449800 'java/lang/invoke/LambdaForm$MH+0x0000028a53449800'
Event: 208407.314 Thread 0x0000028a3fae6600 Unloading class 0x0000028a534a4800 'java/lang/invoke/LambdaForm$MH+0x0000028a534a4800'
Event: 208407.314 Thread 0x0000028a3fae6600 Unloading class 0x0000028a53ab9000 'java/lang/invoke/LambdaForm$MH+0x0000028a53ab9000'
Event: 208407.314 Thread 0x0000028a3fae6600 Unloading class 0x0000028a53a30800 'java/lang/invoke/LambdaForm$MH+0x0000028a53a30800'
Event: 208407.314 Thread 0x0000028a3fae6600 Unloading class 0x0000028a53c12c00 'java/lang/invoke/LambdaForm$MH+0x0000028a53c12c00'

Classes redefined (20 events):
Event: 17516.019 Thread 0x0000028a3fae6600 redefined class name=com.example.demo.web.admin.EventUsersController, count=1
Event: 17516.019 Thread 0x0000028a3fae6600 redefined class name=com.example.demo.web.admin.EventUsersController, count=1
Event: 206297.875 Thread 0x0000028a3fae6600 redefined class name=com.example.demo.web.admin.AdminEventsController, count=1
Event: 206297.875 Thread 0x0000028a3fae6600 redefined class name=com.example.demo.web.admin.AdminEventsController, count=1
Event: 206297.875 Thread 0x0000028a3fae6600 redefined class name=com.example.demo.web.admin.AdminEventsController, count=2
Event: 206297.875 Thread 0x0000028a3fae6600 redefined class name=com.example.demo.web.admin.AdminEventsController, count=1
Event: 206297.875 Thread 0x0000028a3fae6600 redefined class name=com.example.demo.web.admin.AdminEventsController, count=1
Event: 207162.266 Thread 0x0000028a3fae6600 redefined class name=com.example.demo.web.admin.EventUsersController, count=1
Event: 207162.266 Thread 0x0000028a3fae6600 redefined class name=com.example.demo.web.admin.EventUsersController, count=1
Event: 207162.266 Thread 0x0000028a3fae6600 redefined class name=com.example.demo.web.admin.EventUsersController, count=1
Event: 207162.266 Thread 0x0000028a3fae6600 redefined class name=com.example.demo.web.admin.EventUsersController, count=1
Event: 207309.285 Thread 0x0000028a3fae6600 redefined class name=com.example.demo.web.admin.EventUsersController, count=2
Event: 207309.285 Thread 0x0000028a3fae6600 redefined class name=com.example.demo.web.admin.EventUsersController, count=2
Event: 207309.285 Thread 0x0000028a3fae6600 redefined class name=com.example.demo.web.admin.EventUsersController, count=1
Event: 207309.285 Thread 0x0000028a3fae6600 redefined class name=com.example.demo.web.admin.EventUsersController, count=2
Event: 207372.593 Thread 0x0000028a3fae6600 redefined class name=com.example.demo.web.admin.EventUsersController, count=1
Event: 207372.593 Thread 0x0000028a3fae6600 redefined class name=com.example.demo.web.admin.EventUsersController, count=3
Event: 207372.593 Thread 0x0000028a3fae6600 redefined class name=com.example.demo.web.admin.EventUsersController, count=3
Event: 207372.593 Thread 0x0000028a3fae6600 redefined class name=com.example.demo.web.admin.EventUsersController, count=2
Event: 207372.593 Thread 0x0000028a3fae6600 redefined class name=com.example.demo.web.admin.EventUsersController, count=3

Internal exceptions (20 events):
Event: 208062.496 Thread 0x0000028a9ab7c140 Exception <a 'sun/nio/fs/WindowsException'{0x0000000087e22438}> (0x0000000087e22438) 
thrown [s\src\hotspot\share\prims\jni.cpp, line 520]
Event: 208062.497 Thread 0x0000028a9ab7c140 Exception <a 'sun/nio/fs/WindowsException'{0x0000000087e22d20}> (0x0000000087e22d20) 
thrown [s\src\hotspot\share\prims\jni.cpp, line 520]
Event: 208062.497 Thread 0x0000028a9ab7c140 Exception <a 'sun/nio/fs/WindowsException'{0x0000000087e22fb0}> (0x0000000087e22fb0) 
thrown [s\src\hotspot\share\prims\jni.cpp, line 520]
Event: 208062.501 Thread 0x0000028a9ab7c140 Exception <a 'sun/nio/fs/WindowsException'{0x0000000087e238b0}> (0x0000000087e238b0) 
thrown [s\src\hotspot\share\prims\jni.cpp, line 520]
Event: 208062.502 Thread 0x0000028a9ab7c140 Exception <a 'sun/nio/fs/WindowsException'{0x0000000087e23b60}> (0x0000000087e23b60) 
thrown [s\src\hotspot\share\prims\jni.cpp, line 520]
Event: 208062.502 Thread 0x0000028a9ab7c140 Exception <a 'sun/nio/fs/WindowsException'{0x0000000087e24478}> (0x0000000087e24478) 
thrown [s\src\hotspot\share\prims\jni.cpp, line 520]
Event: 208062.503 Thread 0x0000028a9ab7c140 Exception <a 'sun/nio/fs/WindowsException'{0x0000000087e24740}> (0x0000000087e24740) 
thrown [s\src\hotspot\share\prims\jni.cpp, line 520]
Event: 208062.503 Thread 0x0000028a9ab7c140 Exception <a 'sun/nio/fs/WindowsException'{0x0000000087e25050}> (0x0000000087e25050) 
thrown [s\src\hotspot\share\prims\jni.cpp, line 520]
Event: 208062.504 Thread 0x0000028a9ab7c140 Exception <a 'sun/nio/fs/WindowsException'{0x0000000087e25310}> (0x0000000087e25310) 
thrown [s\src\hotspot\share\prims\jni.cpp, line 520]
Event: 208166.623 Thread 0x0000028a97c0f400 Exception <a 'java/lang/NoSuchMethodError'{0x000000008b0452f0}: static [B.<clinit>()V> (0x000000008b0452f0) 
thrown [s\src\hotspot\share\prims\jni.cpp, line 1106]
Event: 208404.223 Thread 0x0000028a981949a0 Exception <a 'java/lang/InterruptedException'{0x0000000087da1748}: sleep interrupted> (0x0000000087da1748) 
thrown [s\src\hotspot\share\prims\jvm.cpp, line 3074]
Event: 208404.492 Thread 0x0000028a9961e410 Exception <a 'sun/nio/fs/WindowsException'{0x000000008a997408}> (0x000000008a997408) 
thrown [s\src\hotspot\share\prims\jni.cpp, line 520]
Event: 208405.619 Thread 0x0000028a9961e410 Exception <a 'java/lang/NoClassDefFoundError'{0x00000000888645d8}: liquibase/integration/spring/SpringLiquibase> (0x00000000888645d8) 
thrown [s\src\hotspot\share\oops\constantPool.cpp, line 871]
Event: 208405.639 Thread 0x0000028a9961e410 Exception <a 'java/lang/NoClassDefFoundError'{0x00000000888e8bb8}: org/jooq/DSLContext> (0x00000000888e8bb8) 
thrown [s\src\hotspot\share\oops\constantPool.cpp, line 871]
Event: 208405.644 Thread 0x0000028a9961e410 Exception <a 'java/lang/NoClassDefFoundError'{0x00000000888f9098}: org/springframework/batch/core/repository/JobRepository> (0x00000000888f9098) 
thrown [s\src\hotspot\share\oops\constantPool.cpp, line 871]
Event: 208405.646 Thread 0x0000028a9961e410 Exception <a 'java/lang/NoClassDefFoundError'{0x00000000888f9750}: org/quartz/Scheduler> (0x00000000888f9750) 
thrown [s\src\hotspot\share\oops\constantPool.cpp, line 871]
Event: 208405.647 Thread 0x0000028a9961e410 Exception <a 'java/lang/NoClassDefFoundError'{0x00000000888f9dd0}: org/springframework/session/jdbc/JdbcIndexedSessionRepository> (0x00000000888f9dd0) 
thrown [s\src\hotspot\share\oops\constantPool.cpp, line 871]
Event: 208405.935 Thread 0x0000028a9961e410 Exception <a 'java/io/FileNotFoundException'{0x0000000087d0f8c0}> (0x0000000087d0f8c0) 
thrown [s\src\hotspot\share\prims\jni.cpp, line 520]
Event: 208406.043 Thread 0x0000028a9961e410 Exception <a 'java/io/FileNotFoundException'{0x0000000087a80678}> (0x0000000087a80678) 
thrown [s\src\hotspot\share\prims\jni.cpp, line 520]
Event: 208466.620 Thread 0x0000028a97c0f400 Exception <a 'java/lang/NoSuchMethodError'{0x0000000087e89ba8}: static [B.<clinit>()V> (0x0000000087e89ba8) 
thrown [s\src\hotspot\share\prims\jni.cpp, line 1106]

ZGC Phase Switch (0 events):
No events

VM Operations (20 events):
Event: 208539.919 Executing VM operation: get/set locals done
Event: 208539.921 Executing VM operation: get/set locals
Event: 208539.921 Executing VM operation: get/set locals done
Event: 208539.922 Executing VM operation: get/set locals
Event: 208539.922 Executing VM operation: get/set locals done
Event: 208539.924 Executing VM operation: get/set locals
Event: 208539.924 Executing VM operation: get/set locals done
Event: 208539.925 Executing VM operation: get/set locals
Event: 208539.925 Executing VM operation: get/set locals done
Event: 208539.926 Executing VM operation: get/set locals
Event: 208539.926 Executing VM operation: get/set locals done
Event: 208539.927 Executing VM operation: get/set locals
Event: 208539.928 Executing VM operation: get/set locals done
Event: 208539.929 Executing VM operation: get/set locals
Event: 208539.929 Executing VM operation: get/set locals done
Event: 208539.930 Executing VM operation: get/set locals
Event: 208539.930 Executing VM operation: get/set locals done
Event: 208539.931 Executing VM operation: get/set locals
Event: 208539.931 Executing VM operation: get/set locals done
Event: 208651.991 Executing VM operation: G1CollectForAllocation (G1 Evacuation Pause)

Events (20 events):
Event: 208407.337 Thread 0x0000028a3fae6600 flushing nmethod 0x0000028a4a362b90
Event: 208407.337 Thread 0x0000028a3fae6600 flushing nmethod 0x0000028a4a2ef690
Event: 208407.337 Thread 0x0000028a3fae6600 flushing nmethod 0x0000028a4a26a390
Event: 208407.337 Thread 0x0000028a3fae6600 flushing nmethod 0x0000028a4a23b990
Event: 208407.337 Thread 0x0000028a3fae6600 flushing nmethod 0x0000028a4a1ca510
Event: 208407.337 Thread 0x0000028a3fae6600 flushing nmethod 0x0000028a4a179290
Event: 208407.337 Thread 0x0000028a3fae6600 flushing nmethod 0x0000028a4a10a710
Event: 208407.337 Thread 0x0000028a3fae6600 flushing nmethod 0x0000028a49e8f490
Event: 208407.337 Thread 0x0000028a3fae6600 flushing nmethod 0x0000028a49e28990
Event: 208407.337 Thread 0x0000028a3fae6600 flushing nmethod 0x0000028a49e0e210
Event: 208407.337 Thread 0x0000028a3fae6600 flushing nmethod 0x0000028a49d59990
Event: 208407.337 Thread 0x0000028a3fae6600 flushing nmethod 0x0000028a49d41c10
Event: 208407.337 Thread 0x0000028a3fae6600 flushing nmethod 0x0000028a49ce6010
Event: 208407.337 Thread 0x0000028a3fae6600 flushing nmethod 0x0000028a49c84c90
Event: 208407.337 Thread 0x0000028a3fae6600 flushing nmethod 0x0000028a49c84990
Event: 208407.337 Thread 0x0000028a3fae6600 flushing nmethod 0x0000028a49c84690
Event: 208407.338 Thread 0x0000028a3fae6600 flushing nmethod 0x0000028a49c30910
Event: 208407.338 Thread 0x0000028a3fae6600 flushing nmethod 0x0000028a49be8110
Event: 208411.982 Thread 0x0000028a9ab76560 Thread exited: 0x0000028a9ab76560
Event: 208412.801 Thread 0x0000028a9f7255b0 Thread exited: 0x0000028a9f7255b0


Dynamic libraries:
0x00007ff649440000 - 0x00007ff64944e000 	C:\pleiades\2023-12\java\21\bin\javaw.exe
0x00007ffe56e30000 - 0x00007ffe57028000 	C:\WINDOWS\SYSTEM32\ntdll.dll
0x00007ffe54e70000 - 0x00007ffe54f2d000 	C:\WINDOWS\System32\KERNEL32.DLL
0x00007ffe54a10000 - 0x00007ffe54d06000 	C:\WINDOWS\System32\KERNELBASE.dll
0x00007ffe54d10000 - 0x00007ffe54e10000 	C:\WINDOWS\System32\ucrtbase.dll
0x00007ffe450c0000 - 0x00007ffe450db000 	C:\pleiades\2023-12\java\21\bin\VCRUNTIME140.dll
0x00007ffe450a0000 - 0x00007ffe450b8000 	C:\pleiades\2023-12\java\21\bin\jli.dll
0x00007ffe35730000 - 0x00007ffe359ca000 	C:\WINDOWS\WinSxS\amd64_microsoft.windows.common-controls_6595b64144ccf1df_6.0.19041.3636_none_60b6a03d71f818d5\COMCTL32.dll
0x00007ffe562d0000 - 0x00007ffe5646e000 	C:\WINDOWS\System32\USER32.dll
0x00007ffe54fc0000 - 0x00007ffe5505e000 	C:\WINDOWS\System32\msvcrt.dll
0x00007ffe54e40000 - 0x00007ffe54e62000 	C:\WINDOWS\System32\win32u.dll
0x00007ffe562a0000 - 0x00007ffe562cb000 	C:\WINDOWS\System32\GDI32.dll
0x00007ffe546a0000 - 0x00007ffe547b7000 	C:\WINDOWS\System32\gdi32full.dll
0x00007ffe548c0000 - 0x00007ffe5495d000 	C:\WINDOWS\System32\msvcp_win.dll
0x00007ffe56250000 - 0x00007ffe56282000 	C:\WINDOWS\System32\IMM32.DLL
0x00007ffe4f600000 - 0x00007ffe4f60c000 	C:\pleiades\2023-12\java\21\bin\vcruntime140_1.dll
0x00007ffe31c90000 - 0x00007ffe31d1e000 	C:\pleiades\2023-12\java\21\bin\msvcp140.dll
0x00007ffe05db0000 - 0x00007ffe06b31000 	C:\pleiades\2023-12\java\21\bin\server\jvm.dll
0x00007ffe56a40000 - 0x00007ffe56af3000 	C:\WINDOWS\System32\ADVAPI32.dll
0x00007ffe559f0000 - 0x00007ffe55a8f000 	C:\WINDOWS\System32\sechost.dll
0x00007ffe56c50000 - 0x00007ffe56d76000 	C:\WINDOWS\System32\RPCRT4.dll
0x00007ffe54e10000 - 0x00007ffe54e37000 	C:\WINDOWS\System32\bcrypt.dll
0x00007ffe55a90000 - 0x00007ffe55afb000 	C:\WINDOWS\System32\WS2_32.dll
0x00007ffe54350000 - 0x00007ffe5439b000 	C:\WINDOWS\SYSTEM32\POWRPROF.dll
0x00007ffe3da10000 - 0x00007ffe3da37000 	C:\WINDOWS\SYSTEM32\WINMM.dll
0x00007ffe4a390000 - 0x00007ffe4a39a000 	C:\WINDOWS\SYSTEM32\VERSION.dll
0x00007ffe54330000 - 0x00007ffe54342000 	C:\WINDOWS\SYSTEM32\UMPDC.dll
0x00007ffe52cf0000 - 0x00007ffe52d02000 	C:\WINDOWS\SYSTEM32\kernel.appcore.dll
0x00007ffe466a0000 - 0x00007ffe466aa000 	C:\pleiades\2023-12\java\21\bin\jimage.dll
0x00007ffe4f940000 - 0x00007ffe4fb24000 	C:\WINDOWS\SYSTEM32\DBGHELP.DLL
0x00007ffe4afa0000 - 0x00007ffe4afd4000 	C:\WINDOWS\SYSTEM32\dbgcore.DLL
0x00007ffe547c0000 - 0x00007ffe54842000 	C:\WINDOWS\System32\bcryptPrimitives.dll
0x00007ffe44e00000 - 0x00007ffe44e3c000 	C:\pleiades\2023-12\java\21\bin\jdwp.dll
0x00007ffe45880000 - 0x00007ffe4588f000 	C:\pleiades\2023-12\java\21\bin\instrument.dll
0x00007ffe40090000 - 0x00007ffe400af000 	C:\pleiades\2023-12\java\21\bin\java.dll
0x00007ffe55170000 - 0x00007ffe558b5000 	C:\WINDOWS\System32\SHELL32.dll
0x00007ffe52490000 - 0x00007ffe52c2c000 	C:\WINDOWS\SYSTEM32\windows.storage.dll
0x00007ffe55c10000 - 0x00007ffe55f64000 	C:\WINDOWS\System32\combase.dll
0x00007ffe53d70000 - 0x00007ffe53d9e000 	C:\WINDOWS\SYSTEM32\Wldp.dll
0x00007ffe55f70000 - 0x00007ffe5603d000 	C:\WINDOWS\System32\OLEAUT32.dll
0x00007ffe550c0000 - 0x00007ffe5516d000 	C:\WINDOWS\System32\SHCORE.dll
0x00007ffe56040000 - 0x00007ffe56095000 	C:\WINDOWS\System32\shlwapi.dll
0x00007ffe54420000 - 0x00007ffe54445000 	C:\WINDOWS\SYSTEM32\profapi.dll
0x00007ffe45090000 - 0x00007ffe4509c000 	C:\pleiades\2023-12\java\21\bin\dt_socket.dll
0x00007ffe53860000 - 0x00007ffe5389b000 	C:\WINDOWS\SYSTEM32\IPHLPAPI.DLL
0x00007ffe53b50000 - 0x00007ffe53bba000 	C:\WINDOWS\system32\mswsock.dll
0x00007ffe538a0000 - 0x00007ffe5396b000 	C:\WINDOWS\SYSTEM32\DNSAPI.dll
0x00007ffe56de0000 - 0x00007ffe56de8000 	C:\WINDOWS\System32\NSI.dll
0x00007ffe4b550000 - 0x00007ffe4b55a000 	C:\Windows\System32\rasadhlp.dll
0x00007ffe449c0000 - 0x00007ffe44a40000 	C:\WINDOWS\System32\fwpuclnt.dll
0x00007ffe40070000 - 0x00007ffe40088000 	C:\pleiades\2023-12\java\21\bin\zip.dll
0x00007ffe44f90000 - 0x00007ffe44fa0000 	C:\pleiades\2023-12\java\21\bin\net.dll
0x00007ffe46350000 - 0x00007ffe4645a000 	C:\WINDOWS\SYSTEM32\WINHTTP.dll
0x00007ffe3fa00000 - 0x00007ffe3fa16000 	C:\pleiades\2023-12\java\21\bin\nio.dll
0x00007ffe40280000 - 0x00007ffe4028a000 	C:\pleiades\2023-12\java\21\bin\management.dll
0x00007ffe400e0000 - 0x00007ffe400eb000 	C:\pleiades\2023-12\java\21\bin\management_ext.dll
0x00007ffe559e0000 - 0x00007ffe559e8000 	C:\WINDOWS\System32\PSAPI.DLL
0x00007ffe22dd0000 - 0x00007ffe22de7000 	C:\WINDOWS\system32\napinsp.dll
0x00007ffe1c700000 - 0x00007ffe1c71b000 	C:\WINDOWS\system32\pnrpnsp.dll
0x00007ffe4e9c0000 - 0x00007ffe4e9d5000 	C:\WINDOWS\system32\wshbth.dll
0x00007ffe4c530000 - 0x00007ffe4c54d000 	C:\WINDOWS\system32\NLAapi.dll
0x00007ffdf2990000 - 0x00007ffdf29a2000 	C:\WINDOWS\System32\winrnr.dll
0x00007ffe3fac0000 - 0x00007ffe3fad0000 	C:\pleiades\2023-12\java\21\bin\verify.dll
0x00007ffe53db0000 - 0x00007ffe53dc8000 	C:\WINDOWS\SYSTEM32\CRYPTSP.dll
0x00007ffe534a0000 - 0x00007ffe534d4000 	C:\WINDOWS\system32\rsaenh.dll
0x00007ffe543e0000 - 0x00007ffe5440e000 	C:\WINDOWS\SYSTEM32\USERENV.dll
0x00007ffe53ce0000 - 0x00007ffe53cec000 	C:\WINDOWS\SYSTEM32\CRYPTBASE.dll
0x00007ffe3faa0000 - 0x00007ffe3faa7000 	C:\pleiades\2023-12\java\21\bin\extnet.dll
0x00007ffe3f9f0000 - 0x00007ffe3f9fe000 	C:\pleiades\2023-12\java\21\bin\sunmscapi.dll
0x00007ffe544f0000 - 0x00007ffe5464d000 	C:\WINDOWS\System32\CRYPT32.dll
0x00007ffe53ec0000 - 0x00007ffe53ee8000 	C:\WINDOWS\SYSTEM32\ncrypt.dll
0x00007ffe53e80000 - 0x00007ffe53ebb000 	C:\WINDOWS\SYSTEM32\NTASN1.dll
0x00007ffe3f9e0000 - 0x00007ffe3f9e7000 	C:\WINDOWS\system32\wshunix.dll

dbghelp: loaded successfully - version: 4.0.5 - missing functions: none
symbol engine: initialized successfully - sym options: 0x614 - pdb path: .;C:\pleiades\2023-12\java\21\bin;C:\WINDOWS\SYSTEM32;C:\WINDOWS\WinSxS\amd64_microsoft.windows.common-controls_6595b64144ccf1df_6.0.19041.3636_none_60b6a03d71f818d5;C:\pleiades\2023-12\java\21\bin\server

VM Arguments:
jvm_args: -XX:+ShowCodeDetailsInExceptionMessages -agentlib:jdwp=transport=dt_socket,suspend=y,address=localhost:50726 -Dcom.sun.management.jmxremote -Dcom.sun.management.jmxremote.port=50724 -Dcom.sun.management.jmxremote.authenticate=false -Dcom.sun.management.jmxremote.ssl=false -Djava.rmi.server.hostname=localhost -Dspring.jmx.enabled=true -Dmanagement.endpoints.jmx.exposure.include=* -Dspring.application.admin.enabled=true -XX:TieredStopAtLevel=1 -Dspring.boot.project.name=enkai -javaagent:C:\pleiades\2023-12\eclipse\configuration\org.eclipse.osgi\249\0\.cp\lib\javaagent-shaded.jar -Dfile.encoding=UTF-8 -Dstdout.encoding=UTF-8 -Dstderr.encoding=UTF-8 
java_command: com.example.demo.EnkaiApplication --spring.output.ansi.enabled=always
java_class_path (initial): C:\pleiades\2023-12\workspace\enkai\target\classes;C:\Users\masayuki\.m2\repository\org\springframework\boot\spring-boot-starter-data-jdbc\3.2.2\spring-boot-starter-data-jdbc-3.2.2.jar;C:\Users\masayuki\.m2\repository\org\springframework\boot\spring-boot-starter-jdbc\3.2.2\spring-boot-starter-jdbc-3.2.2.jar;C:\Users\masayuki\.m2\repository\com\zaxxer\HikariCP\5.0.1\HikariCP-5.0.1.jar;C:\Users\masayuki\.m2\repository\org\springframework\spring-jdbc\6.1.3\spring-jdbc-6.1.3.jar;C:\Users\masayuki\.m2\repository\org\springframework\data\spring-data-jdbc\3.2.2\spring-data-jdbc-3.2.2.jar;C:\Users\masayuki\.m2\repository\org\springframework\data\spring-data-relational\3.2.2\spring-data-relational-3.2.2.jar;C:\Users\masayuki\.m2\repository\com\github\jsqlparser\jsqlparser\4.6\jsqlparser-4.6.jar;C:\Users\masayuki\.m2\repository\org\springframework\data\spring-data-commons\3.2.2\spring-data-commons-3.2.2.jar;C:\Users\masayuki\.m2\repository\org\springframework\spring-tx\6.1.3\spring-tx-6.1.3.jar;C:\Users\masayuki\.m2\repository\org\springframework\spring-context\6.1.3\spring-context-6.1.3.jar;C:\Users\masayuki\.m2\repository\org\springframework\spring-beans\6.1.3\spring-beans-6.1.3.jar;C:\Users\masayuki\.m2\repository\org\springframework\boot\spring-boot-starter-data-jpa\3.2.2\spring-boot-starter-data-jpa-3.2.2.jar;C:\Users\masayuki\.m2\repository\org\springframework\boot\spring-boot-starter-aop\3.2.2\spring-boot-starter-aop-3.2.2.jar;C:\Users\masayuki\.m2\repository\org\aspectj\aspectjweaver\1.9.21\aspectjweaver-1.9.21.jar;C:\Users\masayuki\.m2\repository\org\hibernate\orm\hibernate-core\6.4.1.Final\hibernate-core-6.4.1.Final.jar;C:\Users\masayuki\.m2\repository\jakarta\persistence\jakarta.persistence-api\3.1.0\jakarta.persistence-api-3.1.0.jar;C:\Users\masayuki\.m2\repository\jakarta\transaction\jakarta.transaction-api\2.0.1\jakarta.transaction-api-2.0.1.jar;C:\Users\masayuki\.m2\repository\org\jboss\logging\jboss-logging\3.5.3.Final\jboss-logging-3.5.3.Final.jar;C:\Users\masayuki\.m2\repository\org\hibernate\common\hibernate-commons-annotations\6.0.6.Final\hibernate-commons-annotations-6.0.6.Final.jar;C:\Users\masayuki\.m2\repository\io\smallrye\jandex\3.1.2\jandex-3.1.2.jar;C:\Users\masayuki\.m2\repository\com\fasterxml\classmate\1.6.0\classmate-1.6.0.jar;C:\Users\masayuki\.m2\repository\net\bytebuddy\byte-buddy\1.14.11\byte-buddy-1.14.11.jar;C:\Users\masayuki\.m2\repository\org\glassfish\jaxb\jaxb-runtime\4.0.4\jaxb-runtime-4.0.4.jar;C:\Users\masayuki\.m2\repository\org\glassfish\jaxb\jaxb-core\4.0.4\jaxb-core-4.0.4.jar;C:\Users\masayuki\.m2\repository\org\eclipse\angus\angus-activation\2.0.1\angus-activation-2.0.1.jar;C:\Users\masayuki\.m2\repository\org\glassfish\jaxb\txw2\4.0.4\txw2-4.0.4.jar;C:\Users\masayuki\.m2\repository\com\sun\istack\istack-commons-runtime\4.1.2\istack-commons-runtime-4.1.2.jar;C:\Users\masayuki\.m2\repository\jakarta\inject\jakarta.inject-api\2.0.1\jakarta.inject-api-2.0.1.jar;C:\Users\masayuki\.m2\repository\org\antlr\antlr4-runtime\4.13.0\antlr4-runtime-4.13.0.jar;C:\Users\masayuki\.m2\repository\org\springframework\data\spring-data-jpa\3.2.2\spring-data-jpa-3.2.2.jar;C:\Users\masayuki\.m2\repository\org\springframework\spring-orm\6.1.3\spring-orm-6.1.3.jar;C:\Users\masayuki\.m2\repository\jakarta\annotation\jakarta.annotation-api\2.1.1\jakarta.annotation-api-2.1.1.jar;C:\Users\masayuki\.m2\repository\org\springframework\spring-aspects\6.1.3\spring-aspects-6.1.3.jar;C:\Users\masayuki\.m2\repository\org\springframework\boot\spring-boot-starter-thymeleaf\3.2.2\spring-boot-starter-thymeleaf-3.2.2.jar;C:\Users\masayuki\.m2\repository\org\springframework\boot\spring-boot-starter\3.2.2\spring-boot-starter-3.2.2.jar;C:\Users\masayuki\.m2\repository\org\springframework\boot\spring-boot-starter-logging\3.2.2\spring-boot-starter-logging-3.2.2.jar;C:\Users\masayuki\.m2\repository\ch\qos\logback\logback-classic\1.4.14\logback-classic-1.4.14.jar;C:\Users\masayuki\.m2\repository\ch\qos\logback\logback-core\1.4.14\logback-core-1.4.14.jar;C:\Users\masayuki\.m2\repository\org\apache\logging\log4j\log4j-to-slf4j\2.21.1\log4j-to-slf4j-2.21.1.jar;C:\Users\masayuki\.m2\repository\org\apache\logging\log4j\log4j-api\2.21.1\log4j-api-2.21.1.jar;C:\Users\masayuki\.m2\repository\org\slf4j\jul-to-slf4j\2.0.11\jul-to-slf4j-2.0.11.jar;C:\Users\masayuki\.m2\repository\org\yaml\snakeyaml\2.2\snakeyaml-2.2.jar;C:\Users\masayuki\.m2\repository\org\thymeleaf\thymeleaf-spring6\3.1.2.RELEASE\thymeleaf-spring6-3.1.2.RELEASE.jar;C:\Users\masayuki\.m2\repository\org\springframework\boot\spring-boot-starter-validation\3.2.2\spring-boot-starter-validation-3.2.2.jar;C:\Users\masayuki\.m2\repository\org\apache\tomcat\embed\tomcat-embed-el\10.1.18\tomcat-embed-el-10.1.18.jar;C:\Users\masayuki\.m2\repository\org\hibernate\validator\hibernate-validator\8.0.1.Final\hibernate-validator-8.0.1.Final.jar;C:\Users\masayuki\.m2\repository\jakarta\validation\jakarta.validation-api\3.0.2\jakarta.validation-api-3.0.2.jar;C:\Users\masayuki\.m2\repository\org\springframework\boot\spring-boot-starter-web\3.2.2\spring-boot-starter-web-3.2.2.jar;C:\Users\masayuki\.m2\repository\org\springframework\boot\spring-boot-starter-json\3.2.2\spring-boot-starter-json-3.2.2.jar;C:\Users\masayuki\.m2\repository\com\fasterxml\jackson\core\jackson-databind\2.15.3\jackson-databind-2.15.3.jar;C:\Users\masayuki\.m2\repository\com\fasterxml\jackson\core\jackson-annotations\2.15.3\jackson-annotations-2.15.3.jar;C:\Users\masayuki\.m2\repository\com\fasterxml\jackson\datatype\jackson-datatype-jdk8\2.15.3\jackson-datatype-jdk8-2.15.3.jar;C:\Users\masayuki\.m2\repository\com\fasterxml\jackson\datatype\jackson-datatype-jsr310\2.15.3\jackson-datatype-jsr310-2.15.3.jar;C:\Users\masayuki\.m2\repository\com\fasterxml\jackson\module\jackson-module-parameter-names\2.15.3\jackson-module-parameter-names-2.15.3.jar;C:\Users\masayuki\.m2\repository\org\springframework\boot\spring-boot-starter-tomcat\3.2.2\spring-boot-starter-tomcat-3.2.2.jar;C:\Users\masayuki\.m2\repository\org\apache\tomcat\embed\tomcat-embed-core\10.1.18\tomcat-embed-core-10.1.18.jar;C:\Users\masayuki\.m2\repository\org\apache\tomcat\embed\tomcat-embed-websocket\10.1.18\tomcat-embed-websocket-10.1.18.jar;C:\Users\masayuki\.m2\repository\org\springframework\spring-web\6.1.3\spring-web-6.1.3.jar;C:\Users\masayuki\.m2\repository\io\micrometer\micrometer-observation\1.12.2\micrometer-observation-1.12.2.jar;C:\Users\masayuki\.m2\repository\io\micrometer\micrometer-commons\1.12.2\micrometer-commons-1.12.2.jar;C:\Users\masayuki\.m2\repository\org\springframework\spring-webmvc\6.1.3\spring-webmvc-6.1.3.jar;C:\Users\masayuki\.m2\repository\org\springframework\spring-expression\6.1.3\spring-expression-6.1.3.jar;C:\Users\masayuki\.m2\repository\org\springframework\boot\spring-boot-devtools\3.2.2\spring-boot-devtools-3.2.2.jar;C:\Users\masayuki\.m2\repository\org\springframework\boot\spring-boot\3.2.2\spring-boot-3.2.2.jar;C:\Users\masayuki\.m2\repository\org\springframework\boot\spring-boot-autoconfigure\3.2.2\spring-boot-autoconfigure-3.2.2.jar;C:\Users\masayuki\.m2\repository\com\mysql\mysql-connector-j\8.3.0\mysql-connector-j-8.3.0.jar;C:\Users\masayuki\.m2\repository\org\projectlombok\lombok\1.18.30\lombok-1.18.30.jar;C:\Users\masayuki\.m2\repository\jakarta\xml\bind\jakarta.xml.bind-api\4.0.1\jakarta.xml.bind-api-4.0.1.jar;C:\Users\masayuki\.m2\repository\jakarta\activation\jakarta.activation-api\2.1.2\jakarta.activation-api-2.1.2.jar;C:\Users\masayuki\.m2\repository\org\springframework\spring-core\6.1.3\spring-core-6.1.3.jar;C:\Users\masayuki\.m2\repository\org\springframework\spring-jcl\6.1.3\spring-jcl-6.1.3.jar;C:\Users\masayuki\.m2\repository\org\flywaydb\flyway-mysql\9.22.3\flyway-mysql-9.22.3.jar;C:\Users\masayuki\.m2\repository\org\flywaydb\flyway-core\9.22.3\flyway-core-9.22.3.jar;C:\Users\masayuki\.m2\repository\com\fasterxml\jackson\dataformat\jackson-dataformat-toml\2.15.3\jackson-dataformat-toml-2.15.3.jar;C:\Users\masayuki\.m2\repository\com\google\code\gson\gson\2.10.1\gson-2.10.1.jar;C:\Users\masayuki\.m2\repository\org\springframework\boot\spring-boot-starter-security\3.2.2\spring-boot-starter-security-3.2.2.jar;C:\Users\masayuki\.m2\repository\org\springframework\spring-aop\6.1.3\spring-aop-6.1.3.jar;C:\Users\masayuki\.m2\repository\org\springframework\security\spring-security-config\6.2.1\spring-security-config-6.2.1.jar;C:\Users\masayuki\.m2\repository\org\springframework\security\spring-security-core\6.2.1\spring-security-core-6.2.1.jar;C:\Users\masayuki\.m2\repository\org\springframework\security\spring-security-crypto\6.2.1\spring-security-crypto-6.2.1.jar;C:\Users\masayuki\.m2\repository\org\springframework\security\spring-security-web\6.2.1\spring-security-web-6.2.1.jar;C:\Users\masayuki\.m2\repository\org\thymeleaf\extras\thymeleaf-extras-springsecurity6\3.1.2.RELEASE\thymeleaf-extras-springsecurity6-3.1.2.RELEASE.jar;C:\Users\masayuki\.m2\repository\org\slf4j\slf4j-api\2.0.11\slf4j-api-2.0.11.jar;C:\Users\masayuki\.m2\repository\org\webjars\bootstrap\5.1.3\bootstrap-5.1.3.jar;C:\Users\masayuki\.m2\repository\org\webjars\popper.js\2.9.3\popper.js-2.9.3.jar;C:\Users\masayuki\.m2\repository\org\webjars\webjars-locator-core\0.55\webjars-locator-core-0.55.jar;C:\Users\masayuki\.m2\repository\io\github\classgraph\classgraph\4.8.149\classgraph-4.8.149.jar;C:\Users\masayuki\.m2\repository\com\fasterxml\jackson\core\jackson-core\2.15.3\jackson-core-2.15.3.jar;C:\Users\masayuki\.m2\repository\org\webjars\npm\bootstrap-icons\1.7.2\bootstrap-icons-1.7.2.jar;C:\Users\masayuki\.m2\repository\nz\net\ultraq\thymeleaf\thymeleaf-layout-dialect\3.3.0\thymeleaf-layout-dialect-3.3.0.jar;C:\Users\masayuki\.m2\repository\org\apache\groovy\groovy\4.0.17\groovy-4.0.17.jar;C:\Users\masayuki\.m2\repository\nz\net\ultraq\groovy\groovy-extensions\2.1.0\groovy-extensions-2.1.0.jar;C:\Users\masayuki\.m2\repository\nz\net\ultraq\thymeleaf\thymeleaf-expression-processor\3.2.0\thymeleaf-expression-processor-3.2.0.jar;C:\Users\masayuki\.m2\repository\org\thymeleaf\thymeleaf\3.1.2.RELEASE\thymeleaf-3.1.2.RELEASE.jar;C:\Users\masayuki\.m2\repository\ognl\ognl\3.3.4\ognl-3.3.4.jar;C:\Users\masayuki\.m2\repository\org\javassist\javassist\3.29.0-GA\javassist-3.29.0-GA.jar;C:\Users\masayuki\.m2\repository\org\attoparser\attoparser\2.0.7.RELEASE\attoparser-2.0.7.RELEASE.jar;C:\Users\masayuki\.m2\repository\org\unbescape\unbescape\1.1.6.RELEASE\unbescape-1.1.6.RELEASE.jar
Launcher Type: SUN_STANDARD

[Global flags]
     intx CICompilerCount                          = 3                                         {product} {ergonomic}
     uint ConcGCThreads                            = 1                                         {product} {ergonomic}
     uint G1ConcRefinementThreads                  = 4                                         {product} {ergonomic}
   size_t G1HeapRegionSize                         = 1048576                                   {product} {ergonomic}
    uintx GCDrainStackTargetSize                   = 64                                        {product} {ergonomic}
   size_t InitialHeapSize                          = 132120576                                 {product} {ergonomic}
     bool ManagementServer                         = true                                      {product} {command line}
   size_t MarkStackSize                            = 4194304                                   {product} {ergonomic}
   size_t MaxHeapSize                              = 2105540608                                {product} {ergonomic}
   size_t MaxNewSize                               = 1262485504                                {product} {ergonomic}
   size_t MinHeapDeltaBytes                        = 1048576                                   {product} {ergonomic}
   size_t MinHeapSize                              = 8388608                                   {product} {ergonomic}
    uintx NonNMethodCodeHeapSize                   = 4096                                   {pd product} {ergonomic}
    uintx NonProfiledCodeHeapSize                  = 0                                      {pd product} {ergonomic}
     bool ProfileInterpreter                       = false                                  {pd product} {command line}
    uintx ProfiledCodeHeapSize                     = 0                                      {pd product} {ergonomic}
     bool ShowCodeDetailsInExceptionMessages       = true                                   {manageable} {command line}
   size_t SoftMaxHeapSize                          = 2105540608                             {manageable} {ergonomic}
     intx TieredStopAtLevel                        = 1                                         {product} {command line}
     bool UseCompressedOops                        = true                           {product lp64_product} {ergonomic}
     bool UseG1GC                                  = true                                      {product} {ergonomic}
     bool UseLargePagesIndividualAllocation        = false                                  {pd product} {ergonomic}

Logging:
Log output configuration:
 #0: stdout all=warning uptime,level,tags foldmultilines=false
 #1: stderr all=off uptime,level,tags foldmultilines=false

Environment Variables:
PATH=C:/pleiades/2023-12/java/17/bin/server;C:/pleiades/2023-12/java/17/bin;C:\Program Files (x86)\Intel\Intel(R) Management Engine Components\iCLS\;C:\Program Files\Intel\Intel(R) Management Engine Components\iCLS\;C:\WINDOWS\system32;C:\WINDOWS;C:\WINDOWS\System32\Wbem;C:\WINDOWS\System32\WindowsPowerShell\v1.0\;C:\Program Files (x86)\Intel\Intel(R) Management Engine Components\DAL;C:\Program Files\Intel\Intel(R) Management Engine Components\DAL;C:\Program Files (x86)\Intel\Intel(R) Management Engine Components\IPT;C:\Program Files\Intel\Intel(R) Management Engine Components\IPT;C:\Program Files\Intel\WiFi\bin\;C:\Program Files\Common Files\Intel\WirelessCommon\;C:\Program Files (x86)\Common Files\Roxio Shared\DLLShared\;C:\Program Files (x86)\Common Files\Roxio Shared\OEM\12.0\DLLShared\;C:\Program Files (x86)\Roxio 2010\OEM\AudioCore\;C:\HashiCorp\Vagrant\bin;C:\Program Files\Git\cmd;C:\WINDOWS\System32\OpenSSH\;C:\Program Files\nodejs\;C:\Program Files (x86)\dotnet\;C:\Program Files\Docker\Docker\resources\bin;C:\ProgramData\DockerDesktop\version-bin;C:\Program Files\Geth;C:\Program Files\dotnet\;C:\Users\masayuki\AppData\Local\Microsoft\WindowsApps;C:\Users\masayuki\AppData\Local\atom\bin;C:\Users\masayuki\AppData\Local\Microsoft\WindowsApps;C:\Users\masayuki\AppData\Roaming\npm;C:\pleiades\2023-12\eclipse;
USERNAME=masayuki
OS=Windows_NT
PROCESSOR_IDENTIFIER=Intel64 Family 6 Model 142 Stepping 9, GenuineIntel
TMP=C:\Users\masayuki\AppData\Local\Temp
TEMP=C:\Users\masayuki\AppData\Local\Temp




Periodic native trim disabled

---------------  S Y S T E M  ---------------

OS:
 Windows 10 , 64 bit Build 19041 (10.0.19041.3636)
OS uptime: 19 days 22:23 hours
Hyper-V role detected

CPU: total 4 (initial active 4) (2 cores per cpu, 2 threads per core) family 6 model 142 stepping 9 microcode 0xb4, cx8, cmov, fxsr, ht, mmx, 3dnowpref, sse, sse2, sse3, ssse3, sse4.1, sse4.2, popcnt, lzcnt, tsc, tscinvbit, avx, avx2, aes, erms, clmul, bmi1, bmi2, rtm, adx, fma, vzeroupper, clflush, clflushopt, hv, rdtscp, f16c
Processor Information for all 4 processors :
  Max Mhz: 2701, Current Mhz: 1600, Mhz Limit: 1593

Memory: 4k page, system-wide physical 8024M (1488M free)
TotalPageFile size 17502M (AvailPageFile size 4877M)
current process WorkingSet (physical memory assigned to process): 353M, peak: 401M
current process commit charge ("private bytes"): 400M, peak: 497M

vm_info: OpenJDK 64-Bit Server VM (21.0.1+12-LTS) for windows-amd64 JRE (21.0.1+12-LTS), built on 2023-10-17T00:00:00Z by "admin" with unknown MS VC++:1937

END.
